Note: Some input files use or override a deprecated API.
Note: Recompile with -Xlint:deprecation for details.
SLF4J: Class path contains multiple SLF4J bindings.
SLF4J: Found binding in [jar:file:/data/hbase-0.98.0-hadoop2/lib/slf4j-log4j12-1.6.4.jar!/org/slf4j/impl/StaticLoggerBinder.class]
SLF4J: Found binding in [jar:file:/data/hadoop-2.5.2/share/hadoop/common/lib/slf4j-log4j12-1.7.5.jar!/org/slf4j/impl/StaticLoggerBinder.class]
SLF4J: See http://www.slf4j.org/codes.html#multiple_bindings for an explanation.
2016-02-01 15:53:34,753 WARN  [main] util.NativeCodeLoader: Unable to load native-hadoop library for your platform... using builtin-java classes where applicable
2016-02-01 15:53:34,867 INFO  [main] zookeeper.ZooKeeper: Client environment:zookeeper.version=3.4.5--1, built on 10/05/2013 16:05 GMT
2016-02-01 15:53:34,867 INFO  [main] zookeeper.ZooKeeper: Client environment:host.name=kvtestds3
2016-02-01 15:53:34,867 INFO  [main] zookeeper.ZooKeeper: Client environment:java.version=1.7.0_79
2016-02-01 15:53:34,867 INFO  [main] zookeeper.ZooKeeper: Client environment:java.vendor=Oracle Corporation
2016-02-01 15:53:34,867 INFO  [main] zookeeper.ZooKeeper: Client environment:java.home=/usr/lib/jvm/java-7-openjdk-amd64/jre
2016-02-01 15:53:34,867 INFO  [main] zookeeper.ZooKeeper: Client environment:java.class.path=/data/hbase-0.98.0-hadoop2/conf:/usr/lib/jvm/java-7-openjdk-amd64//lib/tools.jar:/data/hbase-0.98.0-hadoop2:/data/hbase-0.98.0-hadoop2/lib/activation-1.1.jar:/data/hbase-0.98.0-hadoop2/lib/aopalliance-1.0.jar:/data/hbase-0.98.0-hadoop2/lib/asm-3.1.jar:/data/hbase-0.98.0-hadoop2/lib/avro-1.7.4.jar:/data/hbase-0.98.0-hadoop2/lib/commons-beanutils-1.7.0.jar:/data/hbase-0.98.0-hadoop2/lib/commons-beanutils-core-1.8.0.jar:/data/hbase-0.98.0-hadoop2/lib/commons-cli-1.2.jar:/data/hbase-0.98.0-hadoop2/lib/commons-codec-1.7.jar:/data/hbase-0.98.0-hadoop2/lib/commons-collections-3.2.1.jar:/data/hbase-0.98.0-hadoop2/lib/commons-compress-1.4.1.jar:/data/hbase-0.98.0-hadoop2/lib/commons-configuration-1.6.jar:/data/hbase-0.98.0-hadoop2/lib/commons-daemon-1.0.13.jar:/data/hbase-0.98.0-hadoop2/lib/commons-digester-1.8.jar:/data/hbase-0.98.0-hadoop2/lib/commons-el-1.0.jar:/data/hbase-0.98.0-hadoop2/lib/commons-httpclient-3.1.jar:/data/hbase-0.98.0-hadoop2/lib/commons-io-2.4.jar:/data/hbase-0.98.0-hadoop2/lib/commons-lang-2.6.jar:/data/hbase-0.98.0-hadoop2/lib/commons-logging-1.1.1.jar:/data/hbase-0.98.0-hadoop2/lib/commons-math-2.2.jar:/data/hbase-0.98.0-hadoop2/lib/commons-net-3.1.jar:/data/hbase-0.98.0-hadoop2/lib/core-3.1.1.jar:/data/hbase-0.98.0-hadoop2/lib/findbugs-annotations-1.3.9-1.jar:/data/hbase-0.98.0-hadoop2/lib/gmbal-api-only-3.0.0-b023.jar:/data/hbase-0.98.0-hadoop2/lib/grizzly-framework-2.1.2.jar:/data/hbase-0.98.0-hadoop2/lib/grizzly-http-2.1.2.jar:/data/hbase-0.98.0-hadoop2/lib/grizzly-http-server-2.1.2.jar:/data/hbase-0.98.0-hadoop2/lib/grizzly-http-servlet-2.1.2.jar:/data/hbase-0.98.0-hadoop2/lib/grizzly-rcm-2.1.2.jar:/data/hbase-0.98.0-hadoop2/lib/guava-12.0.1.jar:/data/hbase-0.98.0-hadoop2/lib/guice-3.0.jar:/data/hbase-0.98.0-hadoop2/lib/guice-servlet-3.0.jar:/data/hbase-0.98.0-hadoop2/lib/hadoop-annotations-2.2.0.jar:/data/hbase-0.98.0-hadoop2/lib/hadoop-auth-2.2.0.jar:/data/hbase-0.98.0-hadoop2/lib/hadoop-client-2.2.0.jar:/data/hbase-0.98.0-hadoop2/lib/hadoop-common-2.2.0.jar:/data/hbase-0.98.0-hadoop2/lib/hadoop-hdfs-2.2.0.jar:/data/hbase-0.98.0-hadoop2/lib/hadoop-hdfs-2.2.0-tests.jar:/data/hbase-0.98.0-hadoop2/lib/hadoop-mapreduce-client-app-2.2.0.jar:/data/hbase-0.98.0-hadoop2/lib/hadoop-mapreduce-client-common-2.2.0.jar:/data/hbase-0.98.0-hadoop2/lib/hadoop-mapreduce-client-core-2.2.0.jar:/data/hbase-0.98.0-hadoop2/lib/hadoop-mapreduce-client-jobclient-2.2.0.jar:/data/hbase-0.98.0-hadoop2/lib/hadoop-mapreduce-client-jobclient-2.2.0-tests.jar:/data/hbase-0.98.0-hadoop2/lib/hadoop-mapreduce-client-shuffle-2.2.0.jar:/data/hbase-0.98.0-hadoop2/lib/hadoop-yarn-api-2.2.0.jar:/data/hbase-0.98.0-hadoop2/lib/hadoop-yarn-client-2.2.0.jar:/data/hbase-0.98.0-hadoop2/lib/hadoop-yarn-common-2.2.0.jar:/data/hbase-0.98.0-hadoop2/lib/hadoop-yarn-server-common-2.2.0.jar:/data/hbase-0.98.0-hadoop2/lib/hadoop-yarn-server-nodemanager-2.2.0.jar:/data/hbase-0.98.0-hadoop2/lib/hamcrest-core-1.3.jar:/data/hbase-0.98.0-hadoop2/lib/hbase-client-0.98.0-hadoop2.jar:/data/hbase-0.98.0-hadoop2/lib/hbase-common-0.98.0-hadoop2.jar:/data/hbase-0.98.0-hadoop2/lib/hbase-common-0.98.0-hadoop2-tests.jar:/data/hbase-0.98.0-hadoop2/lib/hbase-examples-0.98.0-hadoop2.jar:/data/hbase-0.98.0-hadoop2/lib/hbase-hadoop2-compat-0.98.0-hadoop2.jar:/data/hbase-0.98.0-hadoop2/lib/hbase-hadoop-compat-0.98.0-hadoop2.jar:/data/hbase-0.98.0-hadoop2/lib/hbase-it-0.98.0-hadoop2.jar:/data/hbase-0.98.0-hadoop2/lib/hbase-it-0.98.0-hadoop2-tests.jar:/data/hbase-0.98.0-hadoop2/lib/hbase-prefix-tree-0.98.0-hadoop2.jar:/data/hbase-0.98.0-hadoop2/lib/hbase-protocol-0.98.0-hadoop2.jar:/data/hbase-0.98.0-hadoop2/lib/hbase-server-0.98.0-hadoop2.jar:/data/hbase-0.98.0-hadoop2/lib/hbase-server-0.98.0-hadoop2-tests.jar:/data/hbase-0.98.0-hadoop2/lib/hbase-shell-0.98.0-hadoop2.jar:/data/hbase-0.98.0-hadoop2/lib/hbase-testing-util-0.98.0-hadoop2.jar:/data/hbase-0.98.0-hadoop2/lib/hbase-thrift-0.98.0-hadoop2.jar:/data/hbase-0.98.0-hadoop2/lib/high-scale-lib-1.1.1.jar:/data/hbase-0.98.0-hadoop2/lib/htrace-core-2.04.jar:/data/hbase-0.98.0-hadoop2/lib/httpclient-4.1.3.jar:/data/hbase-0.98.0-hadoop2/lib/httpcore-4.1.3.jar:/data/hbase-0.98.0-hadoop2/lib/jackson-core-asl-1.8.8.jar:/data/hbase-0.98.0-hadoop2/lib/jackson-jaxrs-1.8.8.jar:/data/hbase-0.98.0-hadoop2/lib/jackson-mapper-asl-1.8.8.jar:/data/hbase-0.98.0-hadoop2/lib/jackson-xc-1.8.8.jar:/data/hbase-0.98.0-hadoop2/lib/jamon-runtime-2.3.1.jar:/data/hbase-0.98.0-hadoop2/lib/jasper-compiler-5.5.23.jar:/data/hbase-0.98.0-hadoop2/lib/jasper-runtime-5.5.23.jar:/data/hbase-0.98.0-hadoop2/lib/javax.inject-1.jar:/data/hbase-0.98.0-hadoop2/lib/javax.servlet-3.1.jar:/data/hbase-0.98.0-hadoop2/lib/javax.servlet-api-3.0.1.jar:/data/hbase-0.98.0-hadoop2/lib/jaxb-api-2.2.2.jar:/data/hbase-0.98.0-hadoop2/lib/jaxb-impl-2.2.3-1.jar:/data/hbase-0.98.0-hadoop2/lib/jersey-client-1.9.jar:/data/hbase-0.98.0-hadoop2/lib/jersey-core-1.8.jar:/data/hbase-0.98.0-hadoop2/lib/jersey-grizzly2-1.9.jar:/data/hbase-0.98.0-hadoop2/lib/jersey-guice-1.9.jar:/data/hbase-0.98.0-hadoop2/lib/jersey-json-1.8.jar:/data/hbase-0.98.0-hadoop2/lib/jersey-server-1.8.jar:/data/hbase-0.98.0-hadoop2/lib/jersey-test-framework-core-1.9.jar:/data/hbase-0.98.0-hadoop2/lib/jersey-test-framework-grizzly2-1.9.jar:/data/hbase-0.98.0-hadoop2/lib/jets3t-0.6.1.jar:/data/hbase-0.98.0-hadoop2/lib/jettison-1.3.1.jar:/data/hbase-0.98.0-hadoop2/lib/jetty-6.1.26.jar:/data/hbase-0.98.0-hadoop2/lib/jetty-sslengine-6.1.26.jar:/data/hbase-0.98.0-hadoop2/lib/jetty-util-6.1.26.jar:/data/hbase-0.98.0-hadoop2/lib/jruby-complete-1.6.8.jar:/data/hbase-0.98.0-hadoop2/lib/jsch-0.1.42.jar:/data/hbase-0.98.0-hadoop2/lib/jsp-2.1-6.1.14.jar:/data/hbase-0.98.0-hadoop2/lib/jsp-api-2.1-6.1.14.jar:/data/hbase-0.98.0-hadoop2/lib/jsp-api-2.1.jar:/data/hbase-0.98.0-hadoop2/lib/jsr305-1.3.9.jar:/data/hbase-0.98.0-hadoop2/lib/junit-4.11.jar:/data/hbase-0.98.0-hadoop2/lib/libthrift-0.9.0.jar:/data/hbase-0.98.0-hadoop2/lib/log4j-1.2.17.jar:/data/hbase-0.98.0-hadoop2/lib/management-api-3.0.0-b012.jar:/data/hbase-0.98.0-hadoop2/lib/metrics-core-2.1.2.jar:/data/hbase-0.98.0-hadoop2/lib/netty-3.6.6.Final.jar:/data/hbase-0.98.0-hadoop2/lib/paranamer-2.3.jar:/data/hbase-0.98.0-hadoop2/lib/protobuf-java-2.5.0.jar:/data/hbase-0.98.0-hadoop2/lib/servlet-api-2.5-6.1.14.jar:/data/hbase-0.98.0-hadoop2/lib/servlet-api-2.5.jar:/data/hbase-0.98.0-hadoop2/lib/slf4j-api-1.6.4.jar:/data/hbase-0.98.0-hadoop2/lib/slf4j-log4j12-1.6.4.jar:/data/hbase-0.98.0-hadoop2/lib/snappy-java-1.0.4.1.jar:/data/hbase-0.98.0-hadoop2/lib/stax-api-1.0.1.jar:/data/hbase-0.98.0-hadoop2/lib/xmlenc-0.52.jar:/data/hbase-0.98.0-hadoop2/lib/xz-1.0.jar:/data/hbase-0.98.0-hadoop2/lib/zookeeper-3.4.5.jar:/data/hadoop-2.5.2/etc/hadoop:/data/hadoop-2.5.2/share/hadoop/common/lib/jsch-0.1.42.jar:/data/hadoop-2.5.2/share/hadoop/common/lib/commons-beanutils-core-1.8.0.jar:/data/hadoop-2.5.2/share/hadoop/common/lib/mockito-all-1.8.5.jar:/data/hadoop-2.5.2/share/hadoop/common/lib/guava-11.0.2.jar:/data/hadoop-2.5.2/share/hadoop/common/lib/jsr305-1.3.9.jar:/data/hadoop-2.5.2/share/hadoop/common/lib/apacheds-kerberos-codec-2.0.0-M15.jar:/data/hadoop-2.5.2/share/hadoop/common/lib/jasper-runtime-5.5.23.jar:/data/hadoop-2.5.2/share/hadoop/common/lib/slf4j-api-1.7.5.jar:/data/hadoop-2.5.2/share/hadoop/common/lib/commons-lang-2.6.jar:/data/hadoop-2.5.2/share/hadoop/common/lib/xmlenc-0.52.jar:/data/hadoop-2.5.2/share/hadoop/common/lib/jettison-1.1.jar:/data/hadoop-2.5.2/share/hadoop/common/lib/jersey-server-1.9.jar:/data/hadoop-2.5.2/share/hadoop/common/lib/junit-4.11.jar:/data/hadoop-2.5.2/share/hadoop/common/lib/netty-3.6.2.Final.jar:/data/hadoop-2.5.2/share/hadoop/common/lib/jersey-json-1.9.jar:/data/hadoop-2.5.2/share/hadoop/common/lib/jackson-xc-1.9.13.jar:/data/hadoop-2.5.2/share/hadoop/common/lib/snappy-java-1.0.4.1.jar:/data/hadoop-2.5.2/share/hadoop/common/lib/commons-el-1.0.jar:/data/hadoop-2.5.2/share/hadoop/common/lib/hamcrest-core-1.3.jar:/data/hadoop-2.5.2/share/hadoop/common/lib/xz-1.0.jar:/data/hadoop-2.5.2/share/hadoop/common/lib/jersey-core-1.9.jar:/data/hadoop-2.5.2/share/hadoop/common/lib/api-util-1.0.0-M20.jar:/data/hadoop-2.5.2/share/hadoop/common/lib/commons-net-3.1.jar:/data/hadoop-2.5.2/share/hadoop/common/lib/jsp-api-2.1.jar:/data/hadoop-2.5.2/share/hadoop/common/lib/commons-configuration-1.6.jar:/data/hadoop-2.5.2/share/hadoop/common/lib/jetty-util-6.1.26.jar:/data/hadoop-2.5.2/share/hadoop/common/lib/hadoop-annotations-2.5.2.jar:/data/hadoop-2.5.2/share/hadoop/common/lib/commons-collections-3.2.1.jar:/data/hadoop-2.5.2/share/hadoop/common/lib/jaxb-api-2.2.2.jar:/data/hadoop-2.5.2/share/hadoop/common/lib/commons-logging-1.1.3.jar:/data/hadoop-2.5.2/share/hadoop/common/lib/asm-3.2.jar:/data/hadoop-2.5.2/share/hadoop/common/lib/slf4j-log4j12-1.7.5.jar:/data/hadoop-2.5.2/share/hadoop/common/lib/stax-api-1.0-2.jar:/data/hadoop-2.5.2/share/hadoop/common/lib/commons-compress-1.4.1.jar:/data/hadoop-2.5.2/share/hadoop/common/lib/log4j-1.2.17.jar:/data/hadoop-2.5.2/share/hadoop/common/lib/jets3t-0.9.0.jar:/data/hadoop-2.5.2/share/hadoop/common/lib/jetty-6.1.26.jar:/data/hadoop-2.5.2/share/hadoop/common/lib/commons-beanutils-1.7.0.jar:/data/hadoop-2.5.2/share/hadoop/common/lib/commons-math3-3.1.1.jar:/data/hadoop-2.5.2/share/hadoop/common/lib/jackson-jaxrs-1.9.13.jar:/data/hadoop-2.5.2/share/hadoop/common/lib/jasper-compiler-5.5.23.jar:/data/hadoop-2.5.2/share/hadoop/common/lib/httpcore-4.2.5.jar:/data/hadoop-2.5.2/share/hadoop/common/lib/commons-codec-1.4.jar:/data/hadoop-2.5.2/share/hadoop/common/lib/jaxb-impl-2.2.3-1.jar:/data/hadoop-2.5.2/share/hadoop/common/lib/servlet-api-2.5.jar:/data/hadoop-2.5.2/share/hadoop/common/lib/java-xmlbuilder-0.4.jar:/data/hadoop-2.5.2/share/hadoop/common/lib/jackson-core-asl-1.9.13.jar:/data/hadoop-2.5.2/share/hadoop/common/lib/commons-digester-1.8.jar:/data/hadoop-2.5.2/share/hadoop/common/lib/jackson-mapper-asl-1.9.13.jar:/data/hadoop-2.5.2/share/hadoop/common/lib/zookeeper-3.4.6.jar:/data/hadoop-2.5.2/share/hadoop/common/lib/commons-io-2.4.jar:/data/hadoop-2.5.2/share/hadoop/common/lib/httpclient-4.2.5.jar:/data/hadoop-2.5.2/share/hadoop/common/lib/hadoop-auth-2.5.2.jar:/data/hadoop-2.5.2/share/hadoop/common/lib/commons-cli-1.2.jar:/data/hadoop-2.5.2/share/hadoop/common/lib/protobuf-java-2.5.0.jar:/data/hadoop-2.5.2/share/hadoop/common/lib/activation-1.1.jar:/data/hadoop-2.5.2/share/hadoop/common/lib/commons-httpclient-3.1.jar:/data/hadoop-2.5.2/share/hadoop/common/lib/avro-1.7.4.jar:/data/hadoop-2.5.2/share/hadoop/common/lib/apacheds-i18n-2.0.0-M15.jar:/data/hadoop-2.5.2/share/hadoop/common/lib/paranamer-2.3.jar:/data/hadoop-2.5.2/share/hadoop/common/lib/api-asn1-api-1.0.0-M20.jar:/data/hadoop-2.5.2/share/hadoop/common/hadoop-common-2.5.2-tests.jar:/data/hadoop-2.5.2/share/hadoop/common/hadoop-nfs-2.5.2.jar:/data/hadoop-2.5.2/share/hadoop/common/hadoop-common-2.5.2.jar:/data/hadoop-2.5.2/share/hadoop/hdfs:/data/hadoop-2.5.2/share/hadoop/hdfs/lib/guava-11.0.2.jar:/data/hadoop-2.5.2/share/hadoop/hdfs/lib/jsr305-1.3.9.jar:/data/hadoop-2.5.2/share/hadoop/hdfs/lib/jasper-runtime-5.5.23.jar:/data/hadoop-2.5.2/share/hadoop/hdfs/lib/commons-lang-2.6.jar:/data/hadoop-2.5.2/share/hadoop/hdfs/lib/xmlenc-0.52.jar:/data/hadoop-2.5.2/share/hadoop/hdfs/lib/jersey-server-1.9.jar:/data/hadoop-2.5.2/share/hadoop/hdfs/lib/netty-3.6.2.Final.jar:/data/hadoop-2.5.2/share/hadoop/hdfs/lib/commons-el-1.0.jar:/data/hadoop-2.5.2/share/hadoop/hdfs/lib/jersey-core-1.9.jar:/data/hadoop-2.5.2/share/hadoop/hdfs/lib/jsp-api-2.1.jar:/data/hadoop-2.5.2/share/hadoop/hdfs/lib/jetty-util-6.1.26.jar:/data/hadoop-2.5.2/share/hadoop/hdfs/lib/commons-logging-1.1.3.jar:/data/hadoop-2.5.2/share/hadoop/hdfs/lib/asm-3.2.jar:/data/hadoop-2.5.2/share/hadoop/hdfs/lib/log4j-1.2.17.jar:/data/hadoop-2.5.2/share/hadoop/hdfs/lib/jetty-6.1.26.jar:/data/hadoop-2.5.2/share/hadoop/hdfs/lib/commons-codec-1.4.jar:/data/hadoop-2.5.2/share/hadoop/hdfs/lib/servlet-api-2.5.jar:/data/hadoop-2.5.2/share/hadoop/hdfs/lib/jackson-core-asl-1.9.13.jar:/data/hadoop-2.5.2/share/hadoop/hdfs/lib/jackson-mapper-asl-1.9.13.jar:/data/hadoop-2.5.2/share/hadoop/hdfs/lib/commons-io-2.4.jar:/data/hadoop-2.5.2/share/hadoop/hdfs/lib/commons-cli-1.2.jar:/data/hadoop-2.5.2/share/hadoop/hdfs/lib/protobuf-java-2.5.0.jar:/data/hadoop-2.5.2/share/hadoop/hdfs/lib/commons-daemon-1.0.13.jar:/data/hadoop-2.5.2/share/hadoop/hdfs/hadoop-hdfs-nfs-2.5.2.jar:/data/hadoop-2.5.2/share/hadoop/hdfs/hadoop-hdfs-2.5.2.jar:/data/hadoop-2.5.2/share/hadoop/hdfs/hadoop-hdfs-2.5.2-tests.jar:/data/hadoop-2.5.2/share/hadoop/yarn/lib/guice-servlet-3.0.jar:/data/hadoop-2.5.2/share/hadoop/yarn/lib/guava-11.0.2.jar:/data/hadoop-2.5.2/share/hadoop/yarn/lib/jsr305-1.3.9.jar:/data/hadoop-2.5.2/share/hadoop/yarn/lib/commons-lang-2.6.jar:/data/hadoop-2.5.2/share/hadoop/yarn/lib/leveldbjni-all-1.8.jar:/data/hadoop-2.5.2/share/hadoop/yarn/lib/jettison-1.1.jar:/data/hadoop-2.5.2/share/hadoop/yarn/lib/jersey-server-1.9.jar:/data/hadoop-2.5.2/share/hadoop/yarn/lib/netty-3.6.2.Final.jar:/data/hadoop-2.5.2/share/hadoop/yarn/lib/jersey-json-1.9.jar:/data/hadoop-2.5.2/share/hadoop/yarn/lib/jackson-xc-1.9.13.jar:/data/hadoop-2.5.2/share/hadoop/yarn/lib/xz-1.0.jar:/data/hadoop-2.5.2/share/hadoop/yarn/lib/jersey-core-1.9.jar:/data/hadoop-2.5.2/share/hadoop/yarn/lib/jline-0.9.94.jar:/data/hadoop-2.5.2/share/hadoop/yarn/lib/jersey-client-1.9.jar:/data/hadoop-2.5.2/share/hadoop/yarn/lib/jetty-util-6.1.26.jar:/data/hadoop-2.5.2/share/hadoop/yarn/lib/commons-collections-3.2.1.jar:/data/hadoop-2.5.2/share/hadoop/yarn/lib/jaxb-api-2.2.2.jar:/data/hadoop-2.5.2/share/hadoop/yarn/lib/commons-logging-1.1.3.jar:/data/hadoop-2.5.2/share/hadoop/yarn/lib/asm-3.2.jar:/data/hadoop-2.5.2/share/hadoop/yarn/lib/stax-api-1.0-2.jar:/data/hadoop-2.5.2/share/hadoop/yarn/lib/commons-compress-1.4.1.jar:/data/hadoop-2.5.2/share/hadoop/yarn/lib/log4j-1.2.17.jar:/data/hadoop-2.5.2/share/hadoop/yarn/lib/guice-3.0.jar:/data/hadoop-2.5.2/share/hadoop/yarn/lib/jersey-guice-1.9.jar:/data/hadoop-2.5.2/share/hadoop/yarn/lib/jetty-6.1.26.jar:/data/hadoop-2.5.2/share/hadoop/yarn/lib/jackson-jaxrs-1.9.13.jar:/data/hadoop-2.5.2/share/hadoop/yarn/lib/commons-codec-1.4.jar:/data/hadoop-2.5.2/share/hadoop/yarn/lib/jaxb-impl-2.2.3-1.jar:/data/hadoop-2.5.2/share/hadoop/yarn/lib/servlet-api-2.5.jar:/data/hadoop-2.5.2/share/hadoop/yarn/lib/aopalliance-1.0.jar:/data/hadoop-2.5.2/share/hadoop/yarn/lib/jackson-core-asl-1.9.13.jar:/data/hadoop-2.5.2/share/hadoop/yarn/lib/jackson-mapper-asl-1.9.13.jar:/data/hadoop-2.5.2/share/hadoop/yarn/lib/zookeeper-3.4.6.jar:/data/hadoop-2.5.2/share/hadoop/yarn/lib/commons-io-2.4.jar:/data/hadoop-2.5.2/share/hadoop/yarn/lib/javax.inject-1.jar:/data/hadoop-2.5.2/share/hadoop/yarn/lib/commons-cli-1.2.jar:/data/hadoop-2.5.2/share/hadoop/yarn/lib/protobuf-java-2.5.0.jar:/data/hadoop-2.5.2/share/hadoop/yarn/lib/activation-1.1.jar:/data/hadoop-2.5.2/share/hadoop/yarn/lib/commons-httpclient-3.1.jar:/data/hadoop-2.5.2/share/hadoop/yarn/hadoop-yarn-server-tests-2.5.2.jar:/data/hadoop-2.5.2/share/hadoop/yarn/hadoop-yarn-common-2.5.2.jar:/data/hadoop-2.5.2/share/hadoop/yarn/hadoop-yarn-applications-unmanaged-am-launcher-2.5.2.jar:/data/hadoop-2.5.2/share/hadoop/yarn/hadoop-yarn-server-common-2.5.2.jar:/data/hadoop-2.5.2/share/hadoop/yarn/hadoop-yarn-client-2.5.2.jar:/data/hadoop-2.5.2/share/hadoop/yarn/hadoop-yarn-server-web-proxy-2.5.2.jar:/data/hadoop-2.5.2/share/hadoop/yarn/hadoop-yarn-server-nodemanager-2.5.2.jar:/data/hadoop-2.5.2/share/hadoop/yarn/hadoop-yarn-server-applicationhistoryservice-2.5.2.jar:/data/hadoop-2.5.2/share/hadoop/yarn/hadoop-yarn-server-resourcemanager-2.5.2.jar:/data/hadoop-2.5.2/share/hadoop/yarn/hadoop-yarn-api-2.5.2.jar:/data/hadoop-2.5.2/share/hadoop/yarn/hadoop-yarn-applications-distributedshell-2.5.2.jar:/data/hadoop-2.5.2/share/hadoop/mapreduce/lib/guice-servlet-3.0.jar:/data/hadoop-2.5.2/share/hadoop/mapreduce/lib/leveldbjni-all-1.8.jar:/data/hadoop-2.5.2/share/hadoop/mapreduce/lib/jersey-server-1.9.jar:/data/hadoop-2.5.2/share/hadoop/mapreduce/lib/junit-4.11.jar:/data/hadoop-2.5.2/share/hadoop/mapreduce/lib/netty-3.6.2.Final.jar:/data/hadoop-2.5.2/share/hadoop/mapreduce/lib/snappy-java-1.0.4.1.jar:/data/hadoop-2.5.2/share/hadoop/mapreduce/lib/hamcrest-core-1.3.jar:/data/hadoop-2.5.2/share/hadoop/mapreduce/lib/xz-1.0.jar:/data/hadoop-2.5.2/share/hadoop/mapreduce/lib/jersey-core-1.9.jar:/data/hadoop-2.5.2/share/hadoop/mapreduce/lib/hadoop-annotations-2.5.2.jar:/data/hadoop-2.5.2/share/hadoop/mapreduce/lib/asm-3.2.jar:/data/hadoop-2.5.2/share/hadoop/mapreduce/lib/commons-compress-1.4.1.jar:/data/hadoop-2.5.2/share/hadoop/mapreduce/lib/log4j-1.2.17.jar:/data/hadoop-2.5.2/share/hadoop/mapreduce/lib/guice-3.0.jar:/data/hadoop-2.5.2/share/hadoop/mapreduce/lib/jersey-guice-1.9.jar:/data/hadoop-2.5.2/share/hadoop/mapreduce/lib/aopalliance-1.0.jar:/data/hadoop-2.5.2/share/hadoop/mapreduce/lib/jackson-core-asl-1.9.13.jar:/data/hadoop-2.5.2/share/hadoop/mapreduce/lib/jackson-mapper-asl-1.9.13.jar:/data/hadoop-2.5.2/share/hadoop/mapreduce/lib/commons-io-2.4.jar:/data/hadoop-2.5.2/share/hadoop/mapreduce/lib/javax.inject-1.jar:/data/hadoop-2.5.2/share/hadoop/mapreduce/lib/protobuf-java-2.5.0.jar:/data/hadoop-2.5.2/share/hadoop/mapreduce/lib/avro-1.7.4.jar:/data/hadoop-2.5.2/share/hadoop/mapreduce/lib/paranamer-2.3.jar:/data/hadoop-2.5.2/share/hadoop/mapreduce/hadoop-mapreduce-client-core-2.5.2.jar:/data/hadoop-2.5.2/share/hadoop/mapreduce/hadoop-mapreduce-examples-2.5.2.jar:/data/hadoop-2.5.2/share/hadoop/mapreduce/hadoop-mapreduce-client-common-2.5.2.jar:/data/hadoop-2.5.2/share/hadoop/mapreduce/hadoop-mapreduce-client-hs-2.5.2.jar:/data/hadoop-2.5.2/share/hadoop/mapreduce/hadoop-mapreduce-client-shuffle-2.5.2.jar:/data/hadoop-2.5.2/share/hadoop/mapreduce/hadoop-mapreduce-client-jobclient-2.5.2.jar:/data/hadoop-2.5.2/share/hadoop/mapreduce/hadoop-mapreduce-client-hs-plugins-2.5.2.jar:/data/hadoop-2.5.2/share/hadoop/mapreduce/hadoop-mapreduce-client-jobclient-2.5.2-tests.jar:/data/hadoop-2.5.2/share/hadoop/mapreduce/hadoop-mapreduce-client-app-2.5.2.jar:/data/hadoop-2.5.2/contrib/capacity-scheduler/*.jar:
2016-02-01 15:53:34,868 INFO  [main] zookeeper.ZooKeeper: Client environment:java.library.path=/usr/java/packages/lib/amd64:/usr/lib/x86_64-linux-gnu/jni:/lib/x86_64-linux-gnu:/usr/lib/x86_64-linux-gnu:/usr/lib/jni:/lib:/usr/lib
2016-02-01 15:53:34,868 INFO  [main] zookeeper.ZooKeeper: Client environment:java.io.tmpdir=/tmp
2016-02-01 15:53:34,868 INFO  [main] zookeeper.ZooKeeper: Client environment:java.compiler=<NA>
2016-02-01 15:53:34,868 INFO  [main] zookeeper.ZooKeeper: Client environment:os.name=Linux
2016-02-01 15:53:34,868 INFO  [main] zookeeper.ZooKeeper: Client environment:os.arch=amd64
2016-02-01 15:53:34,868 INFO  [main] zookeeper.ZooKeeper: Client environment:os.version=3.16.0-44-generic
2016-02-01 15:53:34,868 INFO  [main] zookeeper.ZooKeeper: Client environment:user.name=ubuntu
2016-02-01 15:53:34,868 INFO  [main] zookeeper.ZooKeeper: Client environment:user.home=/home/ubuntu
2016-02-01 15:53:34,868 INFO  [main] zookeeper.ZooKeeper: Client environment:user.dir=/data/hbase-data-loading/src
2016-02-01 15:53:34,869 INFO  [main] zookeeper.ZooKeeper: Initiating client connection, connectString=kvhbase-1:2222,rmpi01:2222,kvtestds3:2222 sessionTimeout=90000 watcher=hconnection-0x37dc0729, quorum=kvhbase-1:2222,rmpi01:2222,kvtestds3:2222, baseZNode=/hbase
2016-02-01 15:53:34,887 INFO  [main] zookeeper.RecoverableZooKeeper: Process identifier=hconnection-0x37dc0729 connecting to ZooKeeper ensemble=kvhbase-1:2222,rmpi01:2222,kvtestds3:2222
2016-02-01 15:53:34,889 INFO  [main-SendThread(kvhbase-1:2222)] zookeeper.ClientCnxn: Opening socket connection to server kvhbase-1/11.11.0.151:2222. Will not attempt to authenticate using SASL (unknown error)
2016-02-01 15:53:34,894 INFO  [main-SendThread(kvhbase-1:2222)] zookeeper.ClientCnxn: Socket connection established to kvhbase-1/11.11.0.151:2222, initiating session
2016-02-01 15:53:34,912 INFO  [main-SendThread(kvhbase-1:2222)] zookeeper.ClientCnxn: Session establishment complete on server kvhbase-1/11.11.0.151:2222, sessionid = 0x1526a366a750017, negotiated timeout = 90000
2016-02-01 15:53:35,464 INFO  [main] zookeeper.ZooKeeper: Initiating client connection, connectString=kvhbase-1:2222,rmpi01:2222,kvtestds3:2222 sessionTimeout=90000 watcher=catalogtracker-on-hconnection-0x37dc0729, quorum=kvhbase-1:2222,rmpi01:2222,kvtestds3:2222, baseZNode=/hbase
2016-02-01 15:53:35,465 INFO  [main] zookeeper.RecoverableZooKeeper: Process identifier=catalogtracker-on-hconnection-0x37dc0729 connecting to ZooKeeper ensemble=kvhbase-1:2222,rmpi01:2222,kvtestds3:2222
2016-02-01 15:53:35,465 INFO  [main-SendThread(kvtestds3:2222)] zookeeper.ClientCnxn: Opening socket connection to server kvtestds3/11.11.0.138:2222. Will not attempt to authenticate using SASL (unknown error)
2016-02-01 15:53:35,465 INFO  [main-SendThread(kvtestds3:2222)] zookeeper.ClientCnxn: Socket connection established to kvtestds3/11.11.0.138:2222, initiating session
2016-02-01 15:53:35,466 DEBUG [main] catalog.CatalogTracker: Starting catalog tracker org.apache.hadoop.hbase.catalog.CatalogTracker@12a133b2
2016-02-01 15:53:35,474 INFO  [main-SendThread(kvtestds3:2222)] zookeeper.ClientCnxn: Session establishment complete on server kvtestds3/11.11.0.138:2222, sessionid = 0x2526a3653090013, negotiated timeout = 90000
2016-02-01 15:53:35,508 INFO  [main] Configuration.deprecation: hadoop.native.lib is deprecated. Instead, use io.native.lib.available
2016-02-01 15:53:35,767 WARN  [main] hbase.HBaseConfiguration: Config option "hbase.regionserver.lease.period" is deprecated. Instead, use "hbase.client.scanner.timeout.period"
2016-02-01 15:53:35,982 DEBUG [main] catalog.CatalogTracker: Stopping catalog tracker org.apache.hadoop.hbase.catalog.CatalogTracker@12a133b2
2016-02-01 15:53:35,988 INFO  [main] zookeeper.ZooKeeper: Session: 0x2526a3653090013 closed
2016-02-01 15:53:35,988 INFO  [main-EventThread] zookeeper.ClientCnxn: EventThread shut down
2016-02-01 15:53:35,991 INFO  [main] zookeeper.ZooKeeper: Initiating client connection, connectString=kvhbase-1:2222,rmpi01:2222,kvtestds3:2222 sessionTimeout=90000 watcher=catalogtracker-on-hconnection-0x37dc0729, quorum=kvhbase-1:2222,rmpi01:2222,kvtestds3:2222, baseZNode=/hbase
2016-02-01 15:53:35,991 INFO  [main] zookeeper.RecoverableZooKeeper: Process identifier=catalogtracker-on-hconnection-0x37dc0729 connecting to ZooKeeper ensemble=kvhbase-1:2222,rmpi01:2222,kvtestds3:2222
2016-02-01 15:53:35,992 DEBUG [main] catalog.CatalogTracker: Starting catalog tracker org.apache.hadoop.hbase.catalog.CatalogTracker@12a20e8b
2016-02-01 15:53:35,992 INFO  [main-SendThread(kvhbase-1:2222)] zookeeper.ClientCnxn: Opening socket connection to server kvhbase-1/11.11.0.151:2222. Will not attempt to authenticate using SASL (unknown error)
2016-02-01 15:53:35,993 INFO  [main-SendThread(kvhbase-1:2222)] zookeeper.ClientCnxn: Socket connection established to kvhbase-1/11.11.0.151:2222, initiating session
2016-02-01 15:53:35,998 INFO  [main-SendThread(kvhbase-1:2222)] zookeeper.ClientCnxn: Session establishment complete on server kvhbase-1/11.11.0.151:2222, sessionid = 0x1526a366a750018, negotiated timeout = 90000
2016-02-01 15:53:36,001 WARN  [main] hbase.HBaseConfiguration: Config option "hbase.regionserver.lease.period" is deprecated. Instead, use "hbase.client.scanner.timeout.period"
2016-02-01 15:53:36,015 DEBUG [main] catalog.CatalogTracker: Stopping catalog tracker org.apache.hadoop.hbase.catalog.CatalogTracker@12a20e8b
2016-02-01 15:53:36,020 INFO  [main] zookeeper.ZooKeeper: Session: 0x1526a366a750018 closed
2016-02-01 15:53:36,020 INFO  [main-EventThread] zookeeper.ClientCnxn: EventThread shut down
2016-02-01 15:53:36,023 INFO  [main] zookeeper.ZooKeeper: Initiating client connection, connectString=kvhbase-1:2222,rmpi01:2222,kvtestds3:2222 sessionTimeout=90000 watcher=catalogtracker-on-hconnection-0x37dc0729, quorum=kvhbase-1:2222,rmpi01:2222,kvtestds3:2222, baseZNode=/hbase
2016-02-01 15:53:36,023 INFO  [main] zookeeper.RecoverableZooKeeper: Process identifier=catalogtracker-on-hconnection-0x37dc0729 connecting to ZooKeeper ensemble=kvhbase-1:2222,rmpi01:2222,kvtestds3:2222
2016-02-01 15:53:36,023 INFO  [main-SendThread(rmpi01:2222)] zookeeper.ClientCnxn: Opening socket connection to server rmpi01/11.11.0.75:2222. Will not attempt to authenticate using SASL (unknown error)
2016-02-01 15:53:36,023 DEBUG [main] catalog.CatalogTracker: Starting catalog tracker org.apache.hadoop.hbase.catalog.CatalogTracker@2af27e2a
2016-02-01 15:53:36,024 INFO  [main-SendThread(rmpi01:2222)] zookeeper.ClientCnxn: Socket connection established to rmpi01/11.11.0.75:2222, initiating session
2016-02-01 15:53:36,029 INFO  [main-SendThread(rmpi01:2222)] zookeeper.ClientCnxn: Session establishment complete on server rmpi01/11.11.0.75:2222, sessionid = 0x526a3652f90017, negotiated timeout = 90000
2016-02-01 15:53:36,031 WARN  [main] hbase.HBaseConfiguration: Config option "hbase.regionserver.lease.period" is deprecated. Instead, use "hbase.client.scanner.timeout.period"
2016-02-01 15:53:36,044 DEBUG [main] catalog.CatalogTracker: Stopping catalog tracker org.apache.hadoop.hbase.catalog.CatalogTracker@2af27e2a
2016-02-01 15:53:36,048 INFO  [main] zookeeper.ZooKeeper: Session: 0x526a3652f90017 closed
2016-02-01 15:53:36,048 INFO  [main-EventThread] zookeeper.ClientCnxn: EventThread shut down
2016-02-01 15:53:36,105 WARN  [main] hbase.HBaseConfiguration: Config option "hbase.regionserver.lease.period" is deprecated. Instead, use "hbase.client.scanner.timeout.period"
2016-02-01 15:53:36,110 DEBUG [main] client.ClientSmallScanner: Finished with small scan at {ENCODED => 1588230740, NAME => 'hbase:meta,,1', STARTKEY => '', ENDKEY => ''}
2016-02-01 15:53:36,118 WARN  [main] hbase.HBaseConfiguration: Config option "hbase.regionserver.lease.period" is deprecated. Instead, use "hbase.client.scanner.timeout.period"
2016-02-01 15:53:36,136 WARN  [main] hbase.HBaseConfiguration: Config option "hbase.regionserver.lease.period" is deprecated. Instead, use "hbase.client.scanner.timeout.period"
2016-02-01 15:53:36,143 INFO  [main] zookeeper.ZooKeeper: Initiating client connection, connectString=kvhbase-1:2222,rmpi01:2222,kvtestds3:2222 sessionTimeout=90000 watcher=catalogtracker-on-hconnection-0x37dc0729, quorum=kvhbase-1:2222,rmpi01:2222,kvtestds3:2222, baseZNode=/hbase
2016-02-01 15:53:36,144 INFO  [main] zookeeper.RecoverableZooKeeper: Process identifier=catalogtracker-on-hconnection-0x37dc0729 connecting to ZooKeeper ensemble=kvhbase-1:2222,rmpi01:2222,kvtestds3:2222
2016-02-01 15:53:36,144 DEBUG [main] catalog.CatalogTracker: Starting catalog tracker org.apache.hadoop.hbase.catalog.CatalogTracker@28056c48
2016-02-01 15:53:36,145 INFO  [main-SendThread(kvtestds3:2222)] zookeeper.ClientCnxn: Opening socket connection to server kvtestds3/11.11.0.138:2222. Will not attempt to authenticate using SASL (unknown error)
2016-02-01 15:53:36,145 INFO  [main-SendThread(kvtestds3:2222)] zookeeper.ClientCnxn: Socket connection established to kvtestds3/11.11.0.138:2222, initiating session
2016-02-01 15:53:36,149 INFO  [main-SendThread(kvtestds3:2222)] zookeeper.ClientCnxn: Session establishment complete on server kvtestds3/11.11.0.138:2222, sessionid = 0x2526a3653090014, negotiated timeout = 90000
2016-02-01 15:53:36,152 WARN  [main] hbase.HBaseConfiguration: Config option "hbase.regionserver.lease.period" is deprecated. Instead, use "hbase.client.scanner.timeout.period"
2016-02-01 15:53:36,164 DEBUG [main] catalog.CatalogTracker: Stopping catalog tracker org.apache.hadoop.hbase.catalog.CatalogTracker@28056c48
2016-02-01 15:53:36,167 INFO  [main] zookeeper.ZooKeeper: Session: 0x2526a3653090014 closed
2016-02-01 15:53:36,168 INFO  [main-EventThread] zookeeper.ClientCnxn: EventThread shut down
2016-02-01 15:53:36,174 WARN  [main] hbase.HBaseConfiguration: Config option "hbase.regionserver.lease.period" is deprecated. Instead, use "hbase.client.scanner.timeout.period"
2016-02-01 15:53:36,179 WARN  [main] hbase.HBaseConfiguration: Config option "hbase.regionserver.lease.period" is deprecated. Instead, use "hbase.client.scanner.timeout.period"
2016-02-01 15:53:37,138 DEBUG [main] client.ClientScanner: Advancing internal scanner to startKey at '1kgenome:19:  277867'
500
1454342017621
2016-02-01 15:53:38,282 DEBUG [main] client.ClientScanner: Advancing internal scanner to startKey at '1kgenome:19:  305638'
1000
1454342018564
1500
1454342019390
2016-02-01 15:53:39,884 DEBUG [main] client.ClientScanner: Advancing internal scanner to startKey at '1kgenome:19:  357231'
2000
1454342020210
2500
1454342020901
2016-02-01 15:53:41,197 DEBUG [main] client.ClientScanner: Advancing internal scanner to startKey at '1kgenome:19:  399301'
3000
1454342021676
3500
1454342022451
2016-02-01 15:53:43,211 DEBUG [main] client.ClientScanner: Advancing internal scanner to startKey at '1kgenome:19:  453439'
4000
1454342023553
4500
1454342024389
2016-02-01 15:53:44,803 DEBUG [main] client.ClientScanner: Advancing internal scanner to startKey at '1kgenome:19:  507344'
5000
1454342025163
5500
1454342025558
6000
1454342026004
2016-02-01 15:53:46,219 DEBUG [main] client.ClientScanner: Advancing internal scanner to startKey at '1kgenome:19:  580268'
6500
1454342026393
7000
1454342026793
7500
1454342027152
2016-02-01 15:53:47,341 DEBUG [main] client.ClientScanner: Advancing internal scanner to startKey at '1kgenome:19:  651091'
8000
1454342027644
8500
1454342028285
9000
1454342028749
2016-02-01 15:53:49,418 DEBUG [main] client.ClientScanner: Advancing internal scanner to startKey at '1kgenome:19:  753321'
9500
1454342029457
10000
1454342029980
10500
1454342030397
11000
1454342031249
2016-02-01 15:53:51,375 DEBUG [main] client.ClientScanner: Advancing internal scanner to startKey at '1kgenome:19:  843134'
2016-02-01 15:53:51,387 WARN  [main] hbase.HBaseConfiguration: Config option "hbase.regionserver.lease.period" is deprecated. Instead, use "hbase.client.scanner.timeout.period"
11500
1454342032600
12000
1454342034404
12500
1454342036347
2016-02-01 15:53:57,781 DEBUG [main] client.ClientScanner: Advancing internal scanner to startKey at '1kgenome:19:  936264'
13000
1454342038291
13500
1454342039516
14000
1454342041158
14500
1454342042312
2016-02-01 15:54:02,618 DEBUG [main] client.ClientScanner: Advancing internal scanner to startKey at '1kgenome:19: 1036456'
15000
1454342044646
15500
1454342046408
16000
1454342049050
16500
1454342051415
17000
1454342052721
2016-02-01 15:54:13,280 DEBUG [main] client.ClientScanner: Advancing internal scanner to startKey at '1kgenome:19: 1199676'
17500
1454342054276
18000
1454342056539
18500
1454342058102
19000
1454342060187
19500
1454342061779
2016-02-01 15:54:22,549 DEBUG [main] client.ClientScanner: Advancing internal scanner to startKey at '1kgenome:19: 1388320'
20000
1454342063353
20500
1454342066174
21000
1454342067292
21500
1454342068545
2016-02-01 15:54:29,393 DEBUG [main] client.ClientScanner: Advancing internal scanner to startKey at '1kgenome:19: 1529418'
22000
1454342070272
22500
1454342072030
23000
1454342073017
23500
1454342074094
24000
1454342076101
2016-02-01 15:54:36,244 DEBUG [main] client.ClientScanner: Advancing internal scanner to startKey at '1kgenome:19: 1674571'
24500
1454342078464
25000
1454342080839
25500
1454342082796
26000
1454342083973
2016-02-01 15:54:44,625 DEBUG [main] client.ClientScanner: Advancing internal scanner to startKey at '1kgenome:19: 1814401'
26500
1454342086306
27000
1454342087533
27500
1454342089071
28000
1454342090889
2016-02-01 15:54:51,753 DEBUG [main] client.ClientScanner: Advancing internal scanner to startKey at '1kgenome:19: 1959773'
28500
1454342092110
29000
1454342093599
29500
1454342095782
30000
1454342096856
30500
1454342098709
2016-02-01 15:54:59,137 DEBUG [main] client.ClientScanner: Advancing internal scanner to startKey at '1kgenome:19: 2103779'
31000
1454342100425
31500
1454342101369
32000
1454342102653
32500
1454342103972
33000
1454342105692
2016-02-01 15:55:05,911 DEBUG [main] client.ClientScanner: Advancing internal scanner to startKey at '1kgenome:19: 2248179'
2016-02-01 15:55:05,926 WARN  [main] hbase.HBaseConfiguration: Config option "hbase.regionserver.lease.period" is deprecated. Instead, use "hbase.client.scanner.timeout.period"
33500
1454342106703
34000
1454342107837
34500
1454342108866
35000
1454342110209
35500
1454342111655
2016-02-01 15:55:11,711 DEBUG [main] client.ClientScanner: Advancing internal scanner to startKey at '1kgenome:19: 2403979'
36000
1454342112546
36500
1454342113548
37000
1454342114297
37500
1454342115818
2016-02-01 15:55:16,815 DEBUG [main] client.ClientScanner: Advancing internal scanner to startKey at '1kgenome:19: 2545593'
38000
1454342116969
38500
1454342118265
39000
1454342119382
39500
1454342120941
40000
1454342122168
2016-02-01 15:55:22,486 DEBUG [main] client.ClientScanner: Advancing internal scanner to startKey at '1kgenome:19: 2676460'
40500
1454342123362
41000
1454342124257
41500
1454342126312
42000
1454342127466
2016-02-01 15:55:28,492 DEBUG [main] client.ClientScanner: Advancing internal scanner to startKey at '1kgenome:19: 2807288'
42500
1454342128826
43000
1454342131306
43500
1454342132602
44000
1454342134285
44500
1454342137073
2016-02-01 15:55:37,586 DEBUG [main] client.ClientScanner: Advancing internal scanner to startKey at '1kgenome:19: 2934836'
45000
1454342138430
45500
1454342139590
46000
1454342141585
46500
1454342143207
47000
1454342144606
2016-02-01 15:55:44,764 DEBUG [main] client.ClientScanner: Advancing internal scanner to startKey at '1kgenome:19: 3073657'
47500
1454342146672
48000
1454342147884
48500
1454342149597
49000
1454342152241
2016-02-01 15:55:53,175 DEBUG [main] client.ClientScanner: Advancing internal scanner to startKey at '1kgenome:19: 3207186'
49500
1454342153792
50000
1454342155636
50500
1454342156760
51000
1454342158319
51500
1454342160034
2016-02-01 15:56:01,456 DEBUG [main] client.ClientScanner: Advancing internal scanner to startKey at '1kgenome:19: 3373530'
52000
1454342162374
52500
1454342163661
53000
1454342165292
53500
1454342166894
54000
1454342168726
2016-02-01 15:56:08,946 DEBUG [main] client.ClientScanner: Advancing internal scanner to startKey at '1kgenome:19: 3546442'
54500
1454342170685
55000
1454342171922
55500
1454342173016
56000
1454342174555
56500
1454342176440
2016-02-01 15:56:16,522 DEBUG [main] client.ClientScanner: Advancing internal scanner to startKey at '1kgenome:19: 3712185'
2016-02-01 15:56:16,534 WARN  [main] hbase.HBaseConfiguration: Config option "hbase.regionserver.lease.period" is deprecated. Instead, use "hbase.client.scanner.timeout.period"
57000
1454342177244
57500
1454342178531
58000
1454342179246
58500
1454342181157
2016-02-01 15:56:21,487 DEBUG [main] client.ClientScanner: Advancing internal scanner to startKey at '1kgenome:19: 3849831'
59000
1454342181940
59500
1454342182793
60000
1454342183839
60500
1454342184884
2016-02-01 15:56:26,105 DEBUG [main] client.ClientScanner: Advancing internal scanner to startKey at '1kgenome:19: 4004511'
61000
1454342186357
61500
1454342187862
62000
1454342188723
62500
1454342189876
63000
1454342190923
2016-02-01 15:56:31,374 DEBUG [main] client.ClientScanner: Advancing internal scanner to startKey at '1kgenome:19: 4175923'
63500
1454342192201
64000
1454342193135
64500
1454342193859
65000
1454342195196
65500
1454342196467
2016-02-01 15:56:36,597 DEBUG [main] client.ClientScanner: Advancing internal scanner to startKey at '1kgenome:19: 4313686'
66000
1454342198865
66500
1454342200168
67000
1454342201841
67500
1454342203216
68000
1454342204536
2016-02-01 15:56:44,561 DEBUG [main] client.ClientScanner: Advancing internal scanner to startKey at '1kgenome:19: 4478822'
68500
1454342206301
69000
1454342207740
69500
1454342209009
70000
1454342211120
2016-02-01 15:56:51,837 DEBUG [main] client.ClientScanner: Advancing internal scanner to startKey at '1kgenome:19: 4622318'
70500
1454342212531
71000
1454342213583
71500
1454342215300
72000
1454342216654
72500
1454342217674
73000
1454342219263
73500
1454342220945
74000
1454342222165
74500
1454342223142
2016-02-01 15:57:03,389 DEBUG [main] client.ClientScanner: Advancing internal scanner to startKey at '1kgenome:19: 4908281'
75000
1454342224355
75500
1454342225754
76000
1454342226802
76500
1454342228233
77000
1454342229257
77500
1454342231425
78000
1454342232677
78500
1454342233526
2016-02-01 15:57:14,877 DEBUG [main] client.ClientScanner: Advancing internal scanner to startKey at '1kgenome:19: 5199650'
79000
1454342235140
79500
1454342236928
80000
1454342237791
80500
1454342239058
81000
1454342240302
81500
1454342241594
82000
1454342242596
82500
1454342243825
2016-02-01 15:57:24,511 DEBUG [main] client.ClientScanner: Advancing internal scanner to startKey at '1kgenome:19: 5453569'
83000
1454342245333
83500
1454342246410
84000
1454342247367
84500
1454342249154
85000
1454342251045
85500
1454342252249
86000
1454342253529
86500
1454342254564
2016-02-01 15:57:35,270 DEBUG [main] client.ClientScanner: Advancing internal scanner to startKey at '1kgenome:19: 5723830'
2016-02-01 15:57:35,288 WARN  [main] hbase.HBaseConfiguration: Config option "hbase.regionserver.lease.period" is deprecated. Instead, use "hbase.client.scanner.timeout.period"
87000
1454342256763
87500
1454342257938
88000
1454342258866
88500
1454342259968
89000
1454342261408
89500
1454342262573
2016-02-01 15:57:42,806 DEBUG [main] client.ClientScanner: Advancing internal scanner to startKey at '1kgenome:19: 5914599'
90000
1454342263543
90500
1454342264462
91000
1454342266456
91500
1454342267732
92000
1454342268950
92500
1454342271346
2016-02-01 15:57:51,456 DEBUG [main] client.ClientScanner: Advancing internal scanner to startKey at '1kgenome:19: 6135347'
93000
1454342273170
93500
1454342274515
94000
1454342276581
94500
1454342278180
2016-02-01 15:57:58,214 DEBUG [main] client.ClientScanner: Advancing internal scanner to startKey at '1kgenome:19: 6259966'
95000
1454342279510
95500
1454342281525
96000
1454342283243
2016-02-01 15:58:04,349 DEBUG [main] client.ClientScanner: Advancing internal scanner to startKey at '1kgenome:19: 6375793'
96500
1454342284915
97000
1454342286983
97500
1454342289465
98000
1454342290986
2016-02-01 15:58:11,875 DEBUG [main] client.ClientScanner: Advancing internal scanner to startKey at '1kgenome:19: 6492880'
98500
1454342292238
99000
1454342293270
99500
1454342294364
100000
1454342296537
2016-02-01 15:58:17,178 DEBUG [main] client.ClientScanner: Advancing internal scanner to startKey at '1kgenome:19: 6629799'
100500
1454342298484
101000
1454342299931
101500
1454342301556
102000
1454342302903
102500
1454342304375
103000
1454342306472
103500
1454342307901
104000
1454342309337
2016-02-01 15:58:31,211 DEBUG [main] client.ClientScanner: Advancing internal scanner to startKey at '1kgenome:19: 6866283'
104500
1454342311654
105000
1454342312644
105500
1454342314011
106000
1454342315652
106500
1454342317263
107000
1454342319315
107500
1454342321226
108000
1454342322723
2016-02-01 15:58:44,339 DEBUG [main] client.ClientScanner: Advancing internal scanner to startKey at '1kgenome:19: 7136092'
108500
1454342324657
109000
1454342326740
109500
1454342327816
110000
1454342329032
110500
1454342331255
2016-02-01 15:58:51,702 DEBUG [main] client.ClientScanner: Advancing internal scanner to startKey at '1kgenome:19: 7276662'
111000
1454342332385
111500
1454342333377
112000
1454342334562
112500
1454342335966
113000
1454342337158
2016-02-01 15:58:57,201 DEBUG [main] client.ClientScanner: Advancing internal scanner to startKey at '1kgenome:19: 7499912'
2016-02-01 15:58:57,222 WARN  [main] hbase.HBaseConfiguration: Config option "hbase.regionserver.lease.period" is deprecated. Instead, use "hbase.client.scanner.timeout.period"
113500
1454342338188
114000
1454342338939
114500
1454342339918
115000
1454342341257
2016-02-01 15:59:01,796 DEBUG [main] client.ClientScanner: Advancing internal scanner to startKey at '1kgenome:19: 7650474'
115500
1454342342137
116000
1454342342806
116500
1454342343479
117000
1454342344240
117500
1454342346610
2016-02-01 15:59:07,047 DEBUG [main] client.ClientScanner: Advancing internal scanner to startKey at '1kgenome:19: 7794510'
118000
1454342347597
118500
1454342349083
119000
1454342351476
119500
1454342353310
120000
1454342354779
2016-02-01 15:59:15,140 DEBUG [main] client.ClientScanner: Advancing internal scanner to startKey at '1kgenome:19: 7950635'
120500
1454342356594
121000
1454342358204
121500
1454342359408
122000
1454342362676
2016-02-01 15:59:23,404 DEBUG [main] client.ClientScanner: Advancing internal scanner to startKey at '1kgenome:19: 8117967'
122500
1454342363985
123000
1454342365026
123500
1454342366617
124000
1454342367801
124500
1454342369184
125000
1454342371851
125500
1454342373144
126000
1454342374292
126500
1454342377173
2016-02-01 15:59:37,898 DEBUG [main] client.ClientScanner: Advancing internal scanner to startKey at '1kgenome:19: 8406243'
127000
1454342378418
127500
1454342379509
128000
1454342381554
128500
1454342383161
129000
1454342384400
129500
1454342386737
130000
1454342388145
130500
1454342389671
131000
1454342391980
2016-02-01 15:59:52,788 DEBUG [main] client.ClientScanner: Advancing internal scanner to startKey at '1kgenome:19: 8774722'
131500
1454342393255
132000
1454342394835
132500
1454342397129
133000
1454342398751
133500
1454342399939
134000
1454342402107
134500
1454342403315
2016-02-01 16:00:04,091 DEBUG [main] client.ClientScanner: Advancing internal scanner to startKey at '1kgenome:19: 9044392'
135000
1454342404656
135500
1454342406306
136000
1454342407520
136500
1454342409107
137000
1454342411024
137500
1454342412763
138000
1454342414269
2016-02-01 16:00:16,020 DEBUG [main] client.ClientScanner: Advancing internal scanner to startKey at '1kgenome:19: 9264423'
138500
1454342416456
139000
1454342418017
139500
1454342419168
140000
1454342421867
140500
1454342423520
141000
1454342424818
141500
1454342427189
2016-02-01 16:00:28,853 DEBUG [main] client.ClientScanner: Advancing internal scanner to startKey at '1kgenome:19: 9494889'
142000
1454342429026
142500
1454342431811
143000
1454342433429
143500
1454342435101
144000
1454342436592
144500
1454342438014
145000
1454342439257
145500
1454342441263
2016-02-01 16:00:41,342 DEBUG [main] client.ClientScanner: Advancing internal scanner to startKey at '1kgenome:19: 9715643'
2016-02-01 16:00:41,362 WARN  [main] hbase.HBaseConfiguration: Config option "hbase.regionserver.lease.period" is deprecated. Instead, use "hbase.client.scanner.timeout.period"
146000
1454342442775
146500
1454342443594
147000
1454342444520
147500
1454342445673
148000
1454342446782
148500
1454342447571
149000
1454342448538
149500
1454342449267
150000
1454342451468
150500
1454342452534
151000
1454342453305
151500
1454342454568
2016-02-01 16:00:54,906 DEBUG [main] client.ClientScanner: Advancing internal scanner to startKey at '1kgenome:19:10122770'
152000
1454342456126
152500
1454342456863
153000
1454342457855
153500
1454342458674
154000
1454342459692
154500
1454342461422
155000
1454342462423
155500
1454342463173
156000
1454342464100
156500
1454342464773
157000
1454342466144
157500
1454342467333
2016-02-01 16:01:07,773 DEBUG [main] client.ClientScanner: Advancing internal scanner to startKey at '1kgenome:19:10585677'
158000
1454342468481
158500
1454342469838
159000
1454342471483
159500
1454342473053
160000
1454342474560
160500
1454342476128
161000
1454342477202
2016-02-01 16:01:18,115 DEBUG [main] client.ClientScanner: Advancing internal scanner to startKey at '1kgenome:19:10855728'
161500
1454342478676
162000
1454342479657
162500
1454342481295
163000
1454342482842
163500
1454342484328
164000
1454342485828
164500
1454342487159
165000
1454342488327
2016-02-01 16:01:28,402 DEBUG [main] client.ClientScanner: Advancing internal scanner to startKey at '1kgenome:19:11151059'
165500
1454342489293
166000
1454342490316
166500
1454342491906
167000
1454342492899
2016-02-01 16:01:32,957 DEBUG [main] client.ClientScanner: Advancing internal scanner to startKey at '1kgenome:19:11282522'
167500
1454342493837
168000
1454342494994
168500
1454342496131
169000
1454342497183
2016-02-01 16:01:37,299 DEBUG [main] client.ClientScanner: Advancing internal scanner to startKey at '1kgenome:19:11415491'
169500
1454342498555
170000
1454342499835
170500
1454342501851
171000
1454342503506
171500
1454342504900
172000
1454342507056
172500
1454342508656
173000
1454342509973
173500
1454342512232
2016-02-01 16:01:52,661 DEBUG [main] client.ClientScanner: Advancing internal scanner to startKey at '1kgenome:19:11763223'
174000
1454342513554
174500
1454342514958
175000
1454342516574
175500
1454342517956
176000
1454342519279
176500
1454342520675
177000
1454342521925
177500
1454342523383
178000
1454342524860
2016-02-01 16:02:05,378 DEBUG [main] client.ClientScanner: Advancing internal scanner to startKey at '1kgenome:19:12094782'
178500
1454342526926
179000
1454342527930
179500
1454342529282
180000
1454342530370
180500
1454342532341
181000
1454342533353
181500
1454342534800
182000
1454342535699
182500
1454342537232
183000
1454342538198
183500
1454342539403
184000
1454342540281
184500
1454342542455
185000
1454342543365
2016-02-01 16:02:23,463 DEBUG [main] client.ClientScanner: Advancing internal scanner to startKey at '1kgenome:19:12617186'
185500
1454342544845
186000
1454342545813
186500
1454342547304
187000
1454342548888
187500
1454342550094
188000
1454342551785
188500
1454342552908
189000
1454342554113
189500
1454342555004
190000
1454342557120
190500
1454342558151
191000
1454342559423
191500
1454342560928
2016-02-01 16:02:42,234 DEBUG [main] client.ClientScanner: Advancing internal scanner to startKey at '1kgenome:19:13196421'
2016-02-01 16:02:42,249 WARN  [main] hbase.HBaseConfiguration: Config option "hbase.regionserver.lease.period" is deprecated. Instead, use "hbase.client.scanner.timeout.period"
192000
1454342562662
192500
1454342563430
193000
1454342564247
193500
1454342565152
194000
1454342566706
194500
1454342568242
195000
1454342569011
195500
1454342570030
196000
1454342572137
196500
1454342573132
197000
1454342573909
197500
1454342574958
198000
1454342575707
198500
1454342577763
199000
1454342578542
199500
1454342579862
200000
1454342580632
200500
1454342582124
201000
1454342583400
201500
1454342584151
202000
1454342585209
202500
1454342587006
2016-02-01 16:03:07,678 DEBUG [main] client.ClientScanner: Advancing internal scanner to startKey at '1kgenome:19:13982851'
203000
1454342587985
203500
1454342588914
204000
1454342589592
204500
1454342590514
205000
1454342592544
205500
1454342593289
206000
1454342594275
206500
1454342595309
207000
1454342596563
207500
1454342597643
208000
1454342598615
208500
1454342599484
209000
1454342600524
209500
1454342602121
210000
1454342603918
210500
1454342605016
211000
1454342605660
211500
1454342607197
212000
1454342607987
212500
1454342609072
213000
1454342609850
213500
1454342611386
214000
1454342612746
2016-02-01 16:03:32,780 DEBUG [main] client.ClientScanner: Advancing internal scanner to startKey at '1kgenome:19:14816288'
214500
1454342614179
215000
1454342615302
215500
1454342617789
216000
1454342618856
216500
1454342620129
217000
1454342621416
217500
1454342623469
218000
1454342624777
218500
1454342627013
219000
1454342628430
219500
1454342629408
220000
1454342630564
220500
1454342633176
221000
1454342634591
221500
1454342635868
2016-02-01 16:03:57,866 DEBUG [main] client.ClientScanner: Advancing internal scanner to startKey at '1kgenome:19:15294924'
222000
1454342637974
222500
1454342638974
223000
1454342640354
223500
1454342642036
224000
1454342643637
224500
1454342645040
225000
1454342646276
225500
1454342648429
226000
1454342649923
226500
1454342652157
227000
1454342653709
227500
1454342654987
228000
1454342656282
228500
1454342657910
229000
1454342659494
229500
1454342660747
2016-02-01 16:04:23,489 DEBUG [main] client.ClientScanner: Advancing internal scanner to startKey at '1kgenome:19:15859253'
230000
1454342663717
230500
1454342665227
231000
1454342667640
231500
1454342669182
232000
1454342671088
232500
1454342674215
233000
1454342675850
233500
1454342678585
234000
1454342680108
234500
1454342681973
235000
1454342683868
235500
1454342685480
236000
1454342688378
236500
1454342689819
237000
1454342691137
237500
1454342693554
238000
1454342695053
238500
1454342696620
239000
1454342698556
239500
1454342700186
240000
1454342702433
240500
1454342704647
241000
1454342706051
2016-02-01 16:05:07,795 DEBUG [main] client.ClientScanner: Advancing internal scanner to startKey at '1kgenome:19:16613111'
241500
1454342708788
242000
1454342709928
242500
1454342712333
243000
1454342714100
243500
1454342715749
244000
1454342718752
244500
1454342720471
245000
1454342723020
245500
1454342724576
246000
1454342725961
246500
1454342727899
247000
1454342729463
247500
1454342730991
248000
1454342733335
248500
1454342734782
249000
1454342736023
249500
1454342738295
250000
1454342739796
250500
1454342741262
251000
1454342743281
251500
1454342744767
252000
1454342746261
252500
1454342748239
2016-02-01 16:05:48,874 DEBUG [main] client.ClientScanner: Advancing internal scanner to startKey at '1kgenome:19:17418286'
253000
1454342749582
253500
1454342751526
254000
1454342753290
254500
1454342754878
255000
1454342756228
255500
1454342758169
256000
1454342759393
256500
1454342760834
257000
1454342762757
257500
1454342764582
258000
1454342765840
258500
1454342768263
259000
1454342769867
259500
1454342771383
260000
1454342773036
2016-02-01 16:06:13,126 DEBUG [main] client.ClientScanner: Advancing internal scanner to startKey at '1kgenome:19:17927781'
260500
1454342774688
261000
1454342776041
261500
1454342777631
262000
1454342779263
262500
1454342780641
263000
1454342782428
263500
1454342784078
264000
1454342785367
264500
1454342787467
265000
1454342788762
265500
1454342790128
266000
1454342791412
266500
1454342793419
267000
1454342794909
2016-02-01 16:06:35,463 DEBUG [main] client.ClientScanner: Advancing internal scanner to startKey at '1kgenome:19:18481883'
267500
1454342796480
268000
1454342798323
268500
1454342799643
269000
1454342801654
269500
1454342803204
270000
1454342804776
270500
1454342806342
2016-02-01 16:06:47,538 DEBUG [main] client.ClientScanner: Advancing internal scanner to startKey at '1kgenome:19:18774167'
271000
1454342808417
271500
1454342809687
272000
1454342811115
272500
1454342812868
273000
1454342814472
273500
1454342816306
274000
1454342818857
274500
1454342820459
2016-02-01 16:07:00,583 DEBUG [main] client.ClientScanner: Advancing internal scanner to startKey at '1kgenome:19:19062784'
2016-02-01 16:07:00,598 WARN  [main] hbase.HBaseConfiguration: Config option "hbase.regionserver.lease.period" is deprecated. Instead, use "hbase.client.scanner.timeout.period"
275000
1454342822618
275500
1454342824157
276000
1454342825638
276500
1454342827872
277000
1454342829298
277500
1454342830562
278000
1454342833103
2016-02-01 16:07:13,373 DEBUG [main] client.ClientScanner: Advancing internal scanner to startKey at '1kgenome:19:19348947'
278500
1454342834479
279000
1454342835527
279500
1454342837472
280000
1454342839209
280500
1454342841211
281000
1454342842529
281500
1454342843926
2016-02-01 16:07:24,586 DEBUG [main] client.ClientScanner: Advancing internal scanner to startKey at '1kgenome:19:19660724'
282000
1454342845642
282500
1454342848137
283000
1454342849810
283500
1454342851941
284000
1454342854582
284500
1454342856190
285000
1454342858164
285500
1454342859388
286000
1454342860847
286500
1454342863502
287000
1454342864804
287500
1454342866296
288000
1454342868861
288500
1454342870358
289000
1454342872483
289500
1454342874218
290000
1454342875772
290500
1454342878384
291000
1454342880347
291500
1454342882621
292000
1454342884166
292500
1454342885732
2016-02-01 16:08:07,480 DEBUG [main] client.ClientScanner: Advancing internal scanner to startKey at '1kgenome:19:20428083'
293000
1454342888251
293500
1454342889346
294000
1454342890921
294500
1454342892827
295000
1454342894419
295500
1454342895721
296000
1454342898020
296500
1454342899484
297000
1454342900906
297500
1454342903014
298000
1454342904645
298500
1454342906258
299000
1454342908169
299500
1454342909596
300000
1454342911121
300500
1454342913121
301000
1454342914768
301500
1454342916367
302000
1454342918056
302500
1454342919456
303000
1454342921057
303500
1454342922970
2016-02-01 16:08:44,175 DEBUG [main] client.ClientScanner: Advancing internal scanner to startKey at '1kgenome:19:21143867'
304000
1454342924371
304500
1454342925450
305000
1454342926321
305500
1454342927841
306000
1454342929097
306500
1454342929824
307000
1454342931030
307500
1454342932323
308000
1454342933377
308500
1454342934514
309000
1454342935456
309500
1454342936256
310000
1454342937412
2016-02-01 16:08:57,724 DEBUG [main] client.ClientScanner: Advancing internal scanner to startKey at '1kgenome:19:21589148'
310500
1454342938174
311000
1454342938828
311500
1454342939512
312000
1454342940636
312500
1454342941862
313000
1454342942960
313500
1454342943794
314000
1454342944806
314500
1454342946002
315000
1454342947651
315500
1454342948562
316000
1454342949502
316500
1454342950222
2016-02-01 16:09:10,309 DEBUG [main] client.ClientScanner: Advancing internal scanner to startKey at '1kgenome:19:21979217'
317000
1454342951752
317500
1454342953401
318000
1454342954650
318500
1454342956287
319000
1454342957606
319500
1454342958805
320000
1454342960206
320500
1454342961414
321000
1454342962721
321500
1454342964052
322000
1454342965005
322500
1454342966242
323000
1454342967778
2016-02-01 16:09:27,896 DEBUG [main] client.ClientScanner: Advancing internal scanner to startKey at '1kgenome:19:22386125'
323500
1454342969330
324000
1454342970816
324500
1454342972336
325000
1454342973767
325500
1454342975281
326000
1454342976917
326500
1454342978159
327000
1454342979434
327500
1454342981091
328000
1454342982912
328500
1454342984136
329000
1454342985295
329500
1454342986740
2016-02-01 16:09:46,818 DEBUG [main] client.ClientScanner: Advancing internal scanner to startKey at '1kgenome:19:22790533'
330000
1454342988111
330500
1454342989638
331000
1454342990907
331500
1454342992751
332000
1454342994230
332500
1454342995813
333000
1454342997443
333500
1454342998823
334000
1454343000425
334500
1454343002589
335000
1454343003983
335500
1454343005191
336000
1454343007565
336500
1454343009064
337000
1454343010207
337500
1454343012894
338000
1454343014265
338500
1454343015596
339000
1454343017500
339500
1454343018977
340000
1454343020299
340500
1454343022050
341000
1454343023530
2016-02-01 16:10:23,583 DEBUG [main] client.ClientScanner: Advancing internal scanner to startKey at '1kgenome:19:23567146'
341500
1454343025305
342000
1454343026956
342500
1454343028342
343000
1454343029699
343500
1454343031277
344000
1454343033194
344500
1454343034929
345000
1454343036298
345500
1454343038196
346000
1454343039820
346500
1454343041339
347000
1454343043843
347500
1454343045429
348000
1454343047431
348500
1454343048896
349000
1454343050280
349500
1454343051573
350000
1454343053910
350500
1454343055252
351000
1454343056805
351500
1454343058178
352000
1454343059680
2016-02-01 16:11:01,186 DEBUG [main] client.ClientScanner: Advancing internal scanner to startKey at '1kgenome:19:24300229'
2016-02-01 16:11:01,197 WARN  [main] hbase.HBaseConfiguration: Config option "hbase.regionserver.lease.period" is deprecated. Instead, use "hbase.client.scanner.timeout.period"
352500
1454343061468
353000
1454343063722
353500
1454343065440
354000
1454343067239
354500
1454343068758
355000
1454343070152
355500
1454343071536
356000
1454343073718
356500
1454343075039
357000
1454343076414
357500
1454343079434
358000
1454343080905
358500
1454343083423
359000
1454343084889
359500
1454343086413
360000
1454343088833
2016-02-01 16:11:29,176 DEBUG [main] client.ClientScanner: Advancing internal scanner to startKey at '1kgenome:19:27984017'
360500
1454343090491
361000
1454343092019
361500
1454343093136
362000
1454343094514
362500
1454343095974
363000
1454343097936
363500
1454343099439
364000
1454343100826
364500
1454343102485
365000
1454343103894
365500
1454343105173
366000
1454343106523
366500
1454343108143
367000
1454343109547
367500
1454343110795
2016-02-01 16:11:52,284 DEBUG [main] client.ClientScanner: Advancing internal scanner to startKey at '1kgenome:19:28422489'
368000
1454343112428
368500
1454343113181
369000
1454343114119
369500
1454343115218
370000
1454343116140
370500
1454343117912
371000
1454343118679
371500
1454343119716
372000
1454343120737
372500
1454343121981
373000
1454343123025
2016-02-01 16:12:03,074 DEBUG [main] client.ClientScanner: Advancing internal scanner to startKey at '1kgenome:19:28746744'
373500
1454343123970
374000
1454343124668
374500
1454343125359
375000
1454343126382
375500
1454343127947
376000
1454343128984
376500
1454343130155
377000
1454343131278
377500
1454343133136
378000
1454343134370
2016-02-01 16:12:14,523 DEBUG [main] client.ClientScanner: Advancing internal scanner to startKey at '1kgenome:19:29052891'
378500
1454343135042
379000
1454343135751
379500
1454343136784
380000
1454343137733
380500
1454343138754
381000
1454343139725
381500
1454343140666
382000
1454343141570
382500
1454343142804
383000
1454343143659
383500
1454343144704
384000
1454343145664
384500
1454343146561
2016-02-01 16:12:27,960 DEBUG [main] client.ClientScanner: Advancing internal scanner to startKey at '1kgenome:19:29433305'
385000
1454343148017
385500
1454343149242
386000
1454343150026
386500
1454343151062
387000
1454343152323
387500
1454343153292
388000
1454343154306
388500
1454343155289
389000
1454343156329
389500
1454343158227
390000
1454343159361
390500
1454343160417
391000
1454343161577
391500
1454343163206
2016-02-01 16:12:43,611 DEBUG [main] client.ClientScanner: Advancing internal scanner to startKey at '1kgenome:19:29853273'
392000
1454343164168
392500
1454343165527
393000
1454343167100
393500
1454343168749
394000
1454343169990
394500
1454343171462
395000
1454343173934
395500
1454343175226
396000
1454343176478
396500
1454343178585
397000
1454343179807
397500
1454343181063
398000
1454343183311
398500
1454343184568
399000
1454343185930
399500
1454343188121
400000
1454343189385
400500
1454343190696
401000
1454343192711
401500
1454343194279
2016-02-01 16:13:15,007 DEBUG [main] client.ClientScanner: Advancing internal scanner to startKey at '1kgenome:19:30499225'
402000
1454343195610
402500
1454343196625
403000
1454343198568
403500
1454343200005
404000
1454343201316
404500
1454343203862
405000
1454343205140
405500
1454343206693
406000
1454343208295
406500
1454343209850
407000
1454343211540
407500
1454343213005
408000
1454343214342
408500
1454343215507
409000
1454343216815
409500
1454343218945
410000
1454343220199
410500
1454343221593
411000
1454343223944
411500
1454343225251
2016-02-01 16:13:46,602 DEBUG [main] client.ClientScanner: Advancing internal scanner to startKey at '1kgenome:19:31218502'
412000
1454343226940
412500
1454343228574
413000
1454343229731
413500
1454343231132
414000
1454343231930
414500
1454343233527
415000
1454343234336
415500
1454343235223
416000
1454343235974
416500
1454343237120
417000
1454343238913
417500
1454343239960
418000
1454343240697
418500
1454343241861
2016-02-01 16:14:01,965 DEBUG [main] client.ClientScanner: Advancing internal scanner to startKey at '1kgenome:19:31676087'
419000
1454343243473
419500
1454343244584
420000
1454343245476
420500
1454343246248
421000
1454343247804
421500
1454343248909
422000
1454343249741
422500
1454343250620
423000
1454343251591
423500
1454343253292
424000
1454343254065
424500
1454343255052
425000
1454343256200
2016-02-01 16:14:16,457 DEBUG [main] client.ClientScanner: Advancing internal scanner to startKey at '1kgenome:19:32128830'
2016-02-01 16:14:16,471 WARN  [main] hbase.HBaseConfiguration: Config option "hbase.regionserver.lease.period" is deprecated. Instead, use "hbase.client.scanner.timeout.period"
425500
1454343258450
426000
1454343260266
426500
1454343261571
427000
1454343264010
427500
1454343265523
428000
1454343267056
428500
1454343269063
429000
1454343270580
429500
1454343271968
430000
1454343273990
430500
1454343275539
431000
1454343276864
431500
1454343279139
2016-02-01 16:14:40,009 DEBUG [main] client.ClientScanner: Advancing internal scanner to startKey at '1kgenome:19:32574812'
432000
1454343280436
432500
1454343281538
433000
1454343284046
433500
1454343285469
434000
1454343287330
434500
1454343289351
435000
1454343290808
435500
1454343293155
436000
1454343294739
436500
1454343296195
437000
1454343298420
437500
1454343299831
438000
1454343301350
438500
1454343302857
2016-02-01 16:15:02,894 DEBUG [main] client.ClientScanner: Advancing internal scanner to startKey at '1kgenome:19:33066932'
439000
1454343304364
439500
1454343305993
440000
1454343308747
440500
1454343310313
441000
1454343311683
441500
1454343313165
442000
1454343314746
442500
1454343316281
443000
1454343318558
443500
1454343320142
444000
1454343321493
444500
1454343323793
445000
1454343325386
445500
1454343327017
446000
1454343329064
446500
1454343330513
2016-02-01 16:15:30,993 DEBUG [main] client.ClientScanner: Advancing internal scanner to startKey at '1kgenome:19:33663189'
447000
1454343332092
447500
1454343333147
448000
1454343334397
448500
1454343335843
449000
1454343338259
449500
1454343339721
450000
1454343341212
450500
1454343343153
451000
1454343344690
451500
1454343346255
452000
1454343348341
452500
1454343349827
453000
1454343351238
453500
1454343354254
454000
1454343355683
454500
1454343357252
2016-02-01 16:15:58,644 DEBUG [main] client.ClientScanner: Advancing internal scanner to startKey at '1kgenome:19:34228206'
455000
1454343358855
455500
1454343359983
456000
1454343360898
456500
1454343362683
457000
1454343363875
457500
1454343365081
458000
1454343366435
458500
1454343368581
459000
1454343369876
459500
1454343371171
2016-02-01 16:16:11,866 DEBUG [main] client.ClientScanner: Advancing internal scanner to startKey at '1kgenome:19:34578610'
460000
1454343372604
460500
1454343373805
461000
1454343375162
461500
1454343376422
462000
1454343378151
462500
1454343379494
463000
1454343380873
463500
1454343382038
464000
1454343383560
464500
1454343385121
2016-02-01 16:16:25,827 DEBUG [main] client.ClientScanner: Advancing internal scanner to startKey at '1kgenome:19:35004196'
465000
1454343386367
465500
1454343387901
466000
1454343388676
466500
1454343389475
467000
1454343390582
467500
1454343391620
468000
1454343393161
468500
1454343394507
469000
1454343395332
469500
1454343396367
470000
1454343397920
470500
1454343398709
471000
1454343399758
471500
1454343400850
472000
1454343401798
472500
1454343403375
473000
1454343404361
473500
1454343405432
474000
1454343406533
474500
1454343407930
475000
1454343408964
475500
1454343409721
476000
1454343410806
476500
1454343411831
477000
1454343413471
2016-02-01 16:16:53,810 DEBUG [main] client.ClientScanner: Advancing internal scanner to startKey at '1kgenome:19:35875036'
477500
1454343414777
478000
1454343415490
478500
1454343416349
479000
1454343417586
479500
1454343418578
480000
1454343419845
480500
1454343420925
481000
1454343421918
481500
1454343423245
482000
1454343424012
482500
1454343424946
483000
1454343425918
483500
1454343426920
484000
1454343428511
484500
1454343429471
485000
1454343430588
485500
1454343431599
486000
1454343433493
486500
1454343434608
487000
1454343435637
487500
1454343436801
488000
1454343438105
488500
1454343439088
489000
1454343440146
489500
1454343441100
2016-02-01 16:17:21,277 DEBUG [main] client.ClientScanner: Advancing internal scanner to startKey at '1kgenome:19:36812555'
490000
1454343442611
490500
1454343444460
491000
1454343445757
491500
1454343447308
492000
1454343448793
492500
1454343450264
493000
1454343451737
493500
1454343454007
494000
1454343455405
494500
1454343457143
495000
1454343458950
495500
1454343460371
496000
1454343461841
496500
1454343464716
497000
1454343466421
497500
1454343469161
498000
1454343470743
498500
1454343472287
499000
1454343474911
499500
1454343476770
500000
1454343479144
500500
1454343480672
501000
1454343482311
501500
1454343485052
502000
1454343486650
502500
1454343489612
503000
1454343491061
2016-02-01 16:18:11,832 DEBUG [main] client.ClientScanner: Advancing internal scanner to startKey at '1kgenome:19:38003759'
503500
1454343493684
504000
1454343494929
504500
1454343496617
505000
1454343498813
505500
1454343500665
506000
1454343502063
506500
1454343503998
507000
1454343505292
507500
1454343506733
508000
1454343509094
508500
1454343510542
509000
1454343512009
509500
1454343514788
510000
1454343516139
510500
1454343517581
511000
1454343519250
511500
1454343520497
512000
1454343522008
512500
1454343524542
513000
1454343525931
513500
1454343527228
514000
1454343529525
514500
1454343530993
515000
1454343532485
515500
1454343534554
516000
1454343536227
516500
1454343537569
2016-02-01 16:18:59,078 DEBUG [main] client.ClientScanner: Advancing internal scanner to startKey at '1kgenome:19:39094901'
2016-02-01 16:18:59,088 WARN  [main] hbase.HBaseConfiguration: Config option "hbase.regionserver.lease.period" is deprecated. Instead, use "hbase.client.scanner.timeout.period"
517000
1454343539678
517500
1454343541919
518000
1454343543969
518500
1454343545585
519000
1454343547055
519500
1454343549463
520000
1454343550860
520500
1454343552076
521000
1454343554348
521500
1454343556186
522000
1454343557746
522500
1454343559701
523000
1454343561452
523500
1454343562838
524000
1454343564252
524500
1454343565685
525000
1454343567056
525500
1454343569868
526000
1454343571663
526500
1454343574687
527000
1454343576533
527500
1454343578055
2016-02-01 16:19:38,374 DEBUG [main] client.ClientScanner: Advancing internal scanner to startKey at '1kgenome:19:39851547'
528000
1454343580149
528500
1454343581489
529000
1454343582515
529500
1454343585086
530000
1454343586475
530500
1454343587902
531000
1454343589659
531500
1454343591131
532000
1454343592491
532500
1454343595166
533000
1454343596687
533500
1454343598691
534000
1454343600502
534500
1454343602485
535000
1454343604791
535500
1454343606845
536000
1454343608591
536500
1454343610015
537000
1454343612094
537500
1454343614483
538000
1454343616100
2016-02-01 16:20:17,058 DEBUG [main] client.ClientScanner: Advancing internal scanner to startKey at '1kgenome:19:40631855'
538500
1454343618478
539000
1454343620298
539500
1454343621656
540000
1454343623571
540500
1454343624784
541000
1454343626163
541500
1454343627621
542000
1454343629212
542500
1454343630787
543000
1454343632327
543500
1454343634233
544000
1454343635574
544500
1454343637379
545000
1454343638747
545500
1454343640014
546000
1454343641445
546500
1454343642966
547000
1454343644751
547500
1454343646312
548000
1454343647771
548500
1454343649292
549000
1454343650737
2016-02-01 16:20:50,758 DEBUG [main] client.ClientScanner: Advancing internal scanner to startKey at '1kgenome:19:41453977'
549500
1454343652742
550000
1454343654378
550500
1454343655862
551000
1454343657456
551500
1454343659193
552000
1454343660950
552500
1454343662318
553000
1454343663995
553500
1454343665390
554000
1454343666810
554500
1454343668427
555000
1454343669759
555500
1454343671376
556000
1454343672800
556500
1454343674517
557000
1454343676064
557500
1454343677580
558000
1454343679469
558500
1454343681159
559000
1454343682484
559500
1454343684329
2016-02-01 16:21:24,649 DEBUG [main] client.ClientScanner: Advancing internal scanner to startKey at '1kgenome:19:42161211'
560000
1454343685714
560500
1454343687080
561000
1454343689119
561500
1454343690486
562000
1454343691956
562500
1454343693906
563000
1454343695394
563500
1454343696860
564000
1454343698571
564500
1454343700407
565000
1454343701917
565500
1454343704134
566000
1454343705812
566500
1454343707153
567000
1454343709451
567500
1454343711502
568000
1454343712886
568500
1454343714860
569000
1454343716548
569500
1454343718008
570000
1454343720116
570500
1454343721369
571000
1454343722762
571500
1454343725167
572000
1454343727000
572500
1454343730083
2016-02-01 16:22:11,292 DEBUG [main] client.ClientScanner: Advancing internal scanner to startKey at '1kgenome:19:43292433'
573000
1454343731555
573500
1454343733762
574000
1454343735484
574500
1454343737151
575000
1454343739906
575500
1454343741461
576000
1454343743047
576500
1454343745218
577000
1454343746749
577500
1454343748931
578000
1454343750913
578500
1454343753199
579000
1454343755464
579500
1454343757355
580000
1454343759593
580500
1454343761156
581000
1454343762610
581500
1454343764996
582000
1454343766574
582500
1454343768057
583000
1454343769719
583500
1454343771254
584000
1454343772604
584500
1454343774691
585000
1454343776155
585500
1454343778052
586000
1454343779763
2016-02-01 16:23:00,505 DEBUG [main] client.ClientScanner: Advancing internal scanner to startKey at '1kgenome:19:43901238'
586500
1454343781333
587000
1454343783184
587500
1454343784773
588000
1454343786551
588500
1454343787561
589000
1454343789728
589500
1454343791088
590000
1454343792548
590500
1454343794535
591000
1454343795540
591500
1454343796758
592000
1454343797941
592500
1454343800159
593000
1454343801599
593500
1454343804721
594000
1454343805990
594500
1454343807115
595000
1454343808465
595500
1454343809713
596000
1454343810919
596500
1454343812341
597000
1454343813997
597500
1454343815314
598000
1454343816407
598500
1454343817638
599000
1454343819639
599500
1454343821079
600000
1454343822346
600500
1454343824148
601000
1454343825441
601500
1454343826686
2016-02-01 16:23:47,182 DEBUG [main] client.ClientScanner: Advancing internal scanner to startKey at '1kgenome:19:45011369'
602000
1454343828066
602500
1454343829443
603000
1454343830695
603500
1454343832021
604000
1454343833216
604500
1454343834711
605000
1454343836305
605500
1454343837479
606000
1454343839747
606500
1454343841128
607000
1454343842423
607500
1454343844620
608000
1454343845911
608500
1454343847511
609000
1454343849712
609500
1454343850960
610000
1454343852087
610500
1454343853416
611000
1454343855067
611500
1454343856534
612000
1454343857793
612500
1454343860242
613000
1454343861416
613500
1454343862610
614000
1454343865236
614500
1454343866546
615000
1454343867852
615500
1454343870026
616000
1454343871268
616500
1454343872513
617000
1454343874412
2016-02-01 16:24:35,121 DEBUG [main] client.ClientScanner: Advancing internal scanner to startKey at '1kgenome:19:46120129'
617500
1454343875695
618000
1454343876504
618500
1454343877359
619000
1454343879164
619500
1454343880496
620000
1454343882123
620500
1454343883501
621000
1454343884802
621500
1454343885804
622000
1454343887099
622500
1454343888269
623000
1454343890001
623500
1454343891274
624000
1454343892722
624500
1454343894416
625000
1454343895888
625500
1454343897116
626000
1454343899132
626500
1454343900404
627000
1454343901662
627500
1454343903529
628000
1454343905019
628500
1454343906385
629000
1454343907608
629500
1454343909245
630000
1454343910489
630500
1454343911713
631000
1454343913006
631500
1454343914258
632000
1454343915632
632500
1454343916894
633000
1454343917915
633500
1454343919843
634000
1454343921110
634500
1454343922335
635000
1454343923857
635500
1454343925096
636000
1454343926270
636500
1454343927602
2016-02-01 16:25:28,856 DEBUG [main] client.ClientScanner: Advancing internal scanner to startKey at '1kgenome:19:47545943'
637000
1454343929221
637500
1454343930399
638000
1454343931552
638500
1454343932949
639000
1454343934554
639500
1454343935810
640000
1454343937342
640500
1454343938535
641000
1454343940435
641500
1454343941752
642000
1454343943155
642500
1454343944454
643000
1454343945933
643500
1454343947084
644000
1454343948492
644500
1454343949813
645000
1454343951110
645500
1454343953231
646000
1454343955625
646500
1454343956856
647000
1454343958116
647500
1454343960289
648000
1454343961568
648500
1454343963063
649000
1454343965277
649500
1454343966601
650000
1454343967945
650500
1454343970383
651000
1454343971922
651500
1454343973706
652000
1454343975064
652500
1454343976288
653000
1454343977561
653500
1454343979712
654000
1454343980866
654500
1454343981781
655000
1454343983200
655500
1454343985295
656000
1454343986534
2016-02-01 16:26:28,182 DEBUG [main] client.ClientScanner: Advancing internal scanner to startKey at '1kgenome:19:48914482'
2016-02-01 16:26:28,198 WARN  [main] hbase.HBaseConfiguration: Config option "hbase.regionserver.lease.period" is deprecated. Instead, use "hbase.client.scanner.timeout.period"
2016-02-01 16:26:28,203 DEBUG [main] client.ClientSmallScanner: Finished with small scan at {ENCODED => 1588230740, NAME => 'hbase:meta,,1', STARTKEY => '', ENDKEY => ''}
656500
1454343988565
657000
1454343990686
657500
1454343992282
658000
1454343993915
658500
1454343995078
659000
1454343996485
659500
1454343998089
660000
1454344000342
660500
1454344001728
661000
1454344003802
661500
1454344005334
662000
1454344006618
662500
1454344007995
663000
1454344010271
663500
1454344011617
664000
1454344013302
664500
1454344015149
665000
1454344016518
665500
1454344017978
666000
1454344020644
666500
1454344022036
667000
1454344023680
667500
1454344025075
668000
1454344026448
668500
1454344028497
669000
1454344030375
669500
1454344031840
670000
1454344033479
670500
1454344035056
671000
1454344036383
671500
1454344037814
672000
1454344039474
672500
1454344041291
673000
1454344042695
673500
1454344044735
674000
1454344046083
674500
1454344047489
675000
1454344049223
675500
1454344050381
676000
1454344051871
676500
1454344053528
677000
1454344054938
677500
1454344056301
678000
1454344057592
678500
1454344059568
679000
1454344060859
679500
1454344062116
680000
1454344063515
680500
1454344065202
681000
1454344066486
681500
1454344067873
682000
1454344069848
682500
1454344071092
2016-02-01 16:27:51,190 DEBUG [main] client.ClientScanner: Advancing internal scanner to startKey at '1kgenome:19:50781598'
683000
1454344072703
683500
1454344074424
684000
1454344075792
684500
1454344078023
685000
1454344079609
685500
1454344080892
686000
1454344082296
686500
1454344083480
687000
1454344084614
687500
1454344086021
688000
1454344087288
688500
1454344089218
689000
1454344090927
689500
1454344092185
690000
1454344093250
690500
1454344095272
691000
1454344096481
691500
1454344097639
692000
1454344099625
692500
1454344100892
693000
1454344102071
693500
1454344103493
694000
1454344104851
694500
1454344106073
695000
1454344107415
695500
1454344108581
696000
1454344110268
696500
1454344111696
697000
1454344112953
697500
1454344115009
698000
1454344116370
698500
1454344117676
699000
1454344119276
699500
1454344120851
700000
1454344122073
700500
1454344123303
701000
1454344125514
701500
1454344126741
702000
1454344128133
702500
1454344130061
703000
1454344131244
703500
1454344132476
704000
1454344133579
704500
1454344135239
705000
1454344136458
705500
1454344137607
706000
1454344138770
706500
1454344140302
707000
1454344141640
707500
1454344143071
708000
1454344144937
708500
1454344146181
2016-02-01 16:29:06,359 DEBUG [main] client.ClientScanner: Advancing internal scanner to startKey at '1kgenome:19:52463340'
709000
1454344147274
709500
1454344148616
710000
1454344149884
710500
1454344151087
711000
1454344152205
711500
1454344153330
712000
1454344154964
712500
1454344156203
713000
1454344157456
713500
1454344158595
714000
1454344159740
714500
1454344160819
715000
1454344161978
715500
1454344163188
716000
1454344164855
716500
1454344166043
717000
1454344167128
717500
1454344168171
718000
1454344169875
718500
1454344170958
719000
1454344172090
719500
1454344173220
720000
1454344174844
720500
1454344175886
721000
1454344176947
721500
1454344178062
722000
1454344179819
722500
1454344181028
723000
1454344182160
723500
1454344183269
724000
1454344184895
724500
1454344185958
725000
1454344187017
725500
1454344188256
726000
1454344189770
726500
1454344190862
727000
1454344192000
727500
1454344193109
728000
1454344194774
728500
1454344195759
729000
1454344196808
729500
1454344197930
730000
1454344199492
730500
1454344200523
731000
1454344201479
731500
1454344202751
732000
1454344204198
732500
1454344205186
733000
1454344206240
733500
1454344207185
734000
1454344208255
734500
1454344209916
735000
1454344210878
735500
1454344211838
736000
1454344213096
736500
1454344214841
737000
1454344215853
737500
1454344217179
738000
1454344218283
738500
1454344219624
739000
1454344220813
739500
1454344221908
740000
1454344223081
740500
1454344225066
741000
1454344226181
741500
1454344227179
742000
1454344228287
2016-02-01 16:30:29,325 DEBUG [main] client.ClientScanner: Advancing internal scanner to startKey at '1kgenome:19:54431518'
742500
1454344229921
743000
1454344230694
743500
1454344231479
744000
1454344232502
744500
1454344234529
745000
1454344236196
745500
1454344237185
746000
1454344238355
746500
1454344240062
747000
1454344241448
747500
1454344242559
748000
1454344243619
748500
1454344246358
749000
1454344248032
749500
1454344249869
750000
1454344250973
750500
1454344251992
751000
1454344253008
751500
1454344254100
752000
1454344256306
752500
1454344257319
753000
1454344258396
753500
1454344259691
754000
1454344261011
754500
1454344262115
755000
1454344263219
755500
1454344264326
756000
1454344266239
756500
1454344267485
757000
1454344268672
757500
1454344270461
758000
1454344271699
758500
1454344272820
759000
1454344273886
759500
1454344276160
760000
1454344277279
760500
1454344278911
761000
1454344280200
761500
1454344281598
762000
1454344282720
762500
1454344284893
763000
1454344285974
763500
1454344287032
764000
1454344288086
764500
1454344289033
765000
1454344291432
765500
1454344292310
766000
1454344293425
766500
1454344295166
767000
1454344296247
767500
1454344297212
768000
1454344298430
768500
1454344299588
769000
1454344301098
769500
1454344302246
770000
1454344303667
770500
1454344305947
771000
1454344307162
771500
1454344308291
772000
1454344309537
772500
1454344310903
773000
1454344312031
773500
1454344313149
774000
1454344314158
774500
1454344316111
775000
1454344317270
775500
1454344318334
776000
1454344319327
776500
1454344320822
777000
1454344321922
777500
1454344322902
778000
1454344323893
778500
1454344325611
779000
1454344326687
779500
1454344327661
780000
1454344328716
780500
1454344330359
781000
1454344331402
781500
1454344332371
782000
1454344333332
782500
1454344334827
783000
1454344335927
783500
1454344336907
784000
1454344338051
784500
1454344338997
785000
1454344340379
785500
1454344341357
786000
1454344342506
786500
1454344343541
787000
1454344344941
787500
1454344346034
788000
1454344347009
788500
1454344348032
789000
1454344348965
789500
1454344349991
790000
1454344350978
790500
1454344352243
791000
1454344353557
791500
1454344355325
792000
1454344356421
792500
1454344357374
793000
1454344358373
793500
1454344359479
794000
1454344360498
794500
1454344361529
795000
1454344362475
795500
1454344363502
796000
1454344365268
796500
1454344366256
797000
1454344367249
797500
1454344368311
798000
1454344369897
798500
1454344370972
799000
1454344372004
799500
1454344373010
800000
1454344374023
800500
1454344375692
801000
1454344376757
801500
1454344377948
802000
1454344378857
802500
1454344379912
803000
1454344380833
803500
1454344381846
804000
1454344382859
804500
1454344383815
805000
1454344385453
805500
1454344386471
806000
1454344387463
806500
1454344388399
807000
1454344389760
807500
1454344390759
808000
1454344391794
808500
1454344392729
809000
1454344393812
809500
1454344395311
810000
1454344396366
810500
1454344397299
811000
1454344398320
811500
1454344399599
812000
1454344400768
812500
1454344401678
813000
1454344402639
813500
1454344403687
814000
1454344404934
814500
1454344405902
815000
1454344407207
time is 2392002
total amount is 815497
