Note: Some input files use or override a deprecated API.
Note: Recompile with -Xlint:deprecation for details.
SLF4J: Class path contains multiple SLF4J bindings.
SLF4J: Found binding in [jar:file:/data/hbase-0.98.0-hadoop2/lib/slf4j-log4j12-1.6.4.jar!/org/slf4j/impl/StaticLoggerBinder.class]
SLF4J: Found binding in [jar:file:/data/hadoop-2.5.2/share/hadoop/common/lib/slf4j-log4j12-1.7.5.jar!/org/slf4j/impl/StaticLoggerBinder.class]
SLF4J: See http://www.slf4j.org/codes.html#multiple_bindings for an explanation.
2016-02-01 17:47:27,846 WARN  [main] util.NativeCodeLoader: Unable to load native-hadoop library for your platform... using builtin-java classes where applicable
2016-02-01 17:47:27,964 INFO  [main] zookeeper.ZooKeeper: Client environment:zookeeper.version=3.4.5--1, built on 10/05/2013 16:05 GMT
2016-02-01 17:47:27,964 INFO  [main] zookeeper.ZooKeeper: Client environment:host.name=kvtestdsi
2016-02-01 17:47:27,964 INFO  [main] zookeeper.ZooKeeper: Client environment:java.version=1.7.0_79
2016-02-01 17:47:27,964 INFO  [main] zookeeper.ZooKeeper: Client environment:java.vendor=Oracle Corporation
2016-02-01 17:47:27,964 INFO  [main] zookeeper.ZooKeeper: Client environment:java.home=/usr/lib/jvm/java-7-openjdk-amd64/jre
2016-02-01 17:47:27,965 INFO  [main] zookeeper.ZooKeeper: Client environment:java.class.path=/data/hbase-0.98.0-hadoop2/conf:/usr/lib/jvm/java-7-openjdk-amd64//lib/tools.jar:/data/hbase-0.98.0-hadoop2:/data/hbase-0.98.0-hadoop2/lib/activation-1.1.jar:/data/hbase-0.98.0-hadoop2/lib/aopalliance-1.0.jar:/data/hbase-0.98.0-hadoop2/lib/asm-3.1.jar:/data/hbase-0.98.0-hadoop2/lib/avro-1.7.4.jar:/data/hbase-0.98.0-hadoop2/lib/commons-beanutils-1.7.0.jar:/data/hbase-0.98.0-hadoop2/lib/commons-beanutils-core-1.8.0.jar:/data/hbase-0.98.0-hadoop2/lib/commons-cli-1.2.jar:/data/hbase-0.98.0-hadoop2/lib/commons-codec-1.7.jar:/data/hbase-0.98.0-hadoop2/lib/commons-collections-3.2.1.jar:/data/hbase-0.98.0-hadoop2/lib/commons-compress-1.4.1.jar:/data/hbase-0.98.0-hadoop2/lib/commons-configuration-1.6.jar:/data/hbase-0.98.0-hadoop2/lib/commons-daemon-1.0.13.jar:/data/hbase-0.98.0-hadoop2/lib/commons-digester-1.8.jar:/data/hbase-0.98.0-hadoop2/lib/commons-el-1.0.jar:/data/hbase-0.98.0-hadoop2/lib/commons-httpclient-3.1.jar:/data/hbase-0.98.0-hadoop2/lib/commons-io-2.4.jar:/data/hbase-0.98.0-hadoop2/lib/commons-lang-2.6.jar:/data/hbase-0.98.0-hadoop2/lib/commons-logging-1.1.1.jar:/data/hbase-0.98.0-hadoop2/lib/commons-math-2.2.jar:/data/hbase-0.98.0-hadoop2/lib/commons-net-3.1.jar:/data/hbase-0.98.0-hadoop2/lib/core-3.1.1.jar:/data/hbase-0.98.0-hadoop2/lib/findbugs-annotations-1.3.9-1.jar:/data/hbase-0.98.0-hadoop2/lib/gmbal-api-only-3.0.0-b023.jar:/data/hbase-0.98.0-hadoop2/lib/grizzly-framework-2.1.2.jar:/data/hbase-0.98.0-hadoop2/lib/grizzly-http-2.1.2.jar:/data/hbase-0.98.0-hadoop2/lib/grizzly-http-server-2.1.2.jar:/data/hbase-0.98.0-hadoop2/lib/grizzly-http-servlet-2.1.2.jar:/data/hbase-0.98.0-hadoop2/lib/grizzly-rcm-2.1.2.jar:/data/hbase-0.98.0-hadoop2/lib/guava-12.0.1.jar:/data/hbase-0.98.0-hadoop2/lib/guice-3.0.jar:/data/hbase-0.98.0-hadoop2/lib/guice-servlet-3.0.jar:/data/hbase-0.98.0-hadoop2/lib/hadoop-annotations-2.2.0.jar:/data/hbase-0.98.0-hadoop2/lib/hadoop-auth-2.2.0.jar:/data/hbase-0.98.0-hadoop2/lib/hadoop-client-2.2.0.jar:/data/hbase-0.98.0-hadoop2/lib/hadoop-common-2.2.0.jar:/data/hbase-0.98.0-hadoop2/lib/hadoop-hdfs-2.2.0.jar:/data/hbase-0.98.0-hadoop2/lib/hadoop-hdfs-2.2.0-tests.jar:/data/hbase-0.98.0-hadoop2/lib/hadoop-mapreduce-client-app-2.2.0.jar:/data/hbase-0.98.0-hadoop2/lib/hadoop-mapreduce-client-common-2.2.0.jar:/data/hbase-0.98.0-hadoop2/lib/hadoop-mapreduce-client-core-2.2.0.jar:/data/hbase-0.98.0-hadoop2/lib/hadoop-mapreduce-client-jobclient-2.2.0.jar:/data/hbase-0.98.0-hadoop2/lib/hadoop-mapreduce-client-jobclient-2.2.0-tests.jar:/data/hbase-0.98.0-hadoop2/lib/hadoop-mapreduce-client-shuffle-2.2.0.jar:/data/hbase-0.98.0-hadoop2/lib/hadoop-yarn-api-2.2.0.jar:/data/hbase-0.98.0-hadoop2/lib/hadoop-yarn-client-2.2.0.jar:/data/hbase-0.98.0-hadoop2/lib/hadoop-yarn-common-2.2.0.jar:/data/hbase-0.98.0-hadoop2/lib/hadoop-yarn-server-common-2.2.0.jar:/data/hbase-0.98.0-hadoop2/lib/hadoop-yarn-server-nodemanager-2.2.0.jar:/data/hbase-0.98.0-hadoop2/lib/hamcrest-core-1.3.jar:/data/hbase-0.98.0-hadoop2/lib/hbase-client-0.98.0-hadoop2.jar:/data/hbase-0.98.0-hadoop2/lib/hbase-common-0.98.0-hadoop2.jar:/data/hbase-0.98.0-hadoop2/lib/hbase-common-0.98.0-hadoop2-tests.jar:/data/hbase-0.98.0-hadoop2/lib/hbase-examples-0.98.0-hadoop2.jar:/data/hbase-0.98.0-hadoop2/lib/hbase-hadoop2-compat-0.98.0-hadoop2.jar:/data/hbase-0.98.0-hadoop2/lib/hbase-hadoop-compat-0.98.0-hadoop2.jar:/data/hbase-0.98.0-hadoop2/lib/hbase-it-0.98.0-hadoop2.jar:/data/hbase-0.98.0-hadoop2/lib/hbase-it-0.98.0-hadoop2-tests.jar:/data/hbase-0.98.0-hadoop2/lib/hbase-prefix-tree-0.98.0-hadoop2.jar:/data/hbase-0.98.0-hadoop2/lib/hbase-protocol-0.98.0-hadoop2.jar:/data/hbase-0.98.0-hadoop2/lib/hbase-server-0.98.0-hadoop2.jar:/data/hbase-0.98.0-hadoop2/lib/hbase-server-0.98.0-hadoop2-tests.jar:/data/hbase-0.98.0-hadoop2/lib/hbase-shell-0.98.0-hadoop2.jar:/data/hbase-0.98.0-hadoop2/lib/hbase-testing-util-0.98.0-hadoop2.jar:/data/hbase-0.98.0-hadoop2/lib/hbase-thrift-0.98.0-hadoop2.jar:/data/hbase-0.98.0-hadoop2/lib/high-scale-lib-1.1.1.jar:/data/hbase-0.98.0-hadoop2/lib/htrace-core-2.04.jar:/data/hbase-0.98.0-hadoop2/lib/httpclient-4.1.3.jar:/data/hbase-0.98.0-hadoop2/lib/httpcore-4.1.3.jar:/data/hbase-0.98.0-hadoop2/lib/jackson-core-asl-1.8.8.jar:/data/hbase-0.98.0-hadoop2/lib/jackson-jaxrs-1.8.8.jar:/data/hbase-0.98.0-hadoop2/lib/jackson-mapper-asl-1.8.8.jar:/data/hbase-0.98.0-hadoop2/lib/jackson-xc-1.8.8.jar:/data/hbase-0.98.0-hadoop2/lib/jamon-runtime-2.3.1.jar:/data/hbase-0.98.0-hadoop2/lib/jasper-compiler-5.5.23.jar:/data/hbase-0.98.0-hadoop2/lib/jasper-runtime-5.5.23.jar:/data/hbase-0.98.0-hadoop2/lib/javax.inject-1.jar:/data/hbase-0.98.0-hadoop2/lib/javax.servlet-3.1.jar:/data/hbase-0.98.0-hadoop2/lib/javax.servlet-api-3.0.1.jar:/data/hbase-0.98.0-hadoop2/lib/jaxb-api-2.2.2.jar:/data/hbase-0.98.0-hadoop2/lib/jaxb-impl-2.2.3-1.jar:/data/hbase-0.98.0-hadoop2/lib/jersey-client-1.9.jar:/data/hbase-0.98.0-hadoop2/lib/jersey-core-1.8.jar:/data/hbase-0.98.0-hadoop2/lib/jersey-grizzly2-1.9.jar:/data/hbase-0.98.0-hadoop2/lib/jersey-guice-1.9.jar:/data/hbase-0.98.0-hadoop2/lib/jersey-json-1.8.jar:/data/hbase-0.98.0-hadoop2/lib/jersey-server-1.8.jar:/data/hbase-0.98.0-hadoop2/lib/jersey-test-framework-core-1.9.jar:/data/hbase-0.98.0-hadoop2/lib/jersey-test-framework-grizzly2-1.9.jar:/data/hbase-0.98.0-hadoop2/lib/jets3t-0.6.1.jar:/data/hbase-0.98.0-hadoop2/lib/jettison-1.3.1.jar:/data/hbase-0.98.0-hadoop2/lib/jetty-6.1.26.jar:/data/hbase-0.98.0-hadoop2/lib/jetty-sslengine-6.1.26.jar:/data/hbase-0.98.0-hadoop2/lib/jetty-util-6.1.26.jar:/data/hbase-0.98.0-hadoop2/lib/jruby-complete-1.6.8.jar:/data/hbase-0.98.0-hadoop2/lib/jsch-0.1.42.jar:/data/hbase-0.98.0-hadoop2/lib/jsp-2.1-6.1.14.jar:/data/hbase-0.98.0-hadoop2/lib/jsp-api-2.1-6.1.14.jar:/data/hbase-0.98.0-hadoop2/lib/jsp-api-2.1.jar:/data/hbase-0.98.0-hadoop2/lib/jsr305-1.3.9.jar:/data/hbase-0.98.0-hadoop2/lib/junit-4.11.jar:/data/hbase-0.98.0-hadoop2/lib/libthrift-0.9.0.jar:/data/hbase-0.98.0-hadoop2/lib/log4j-1.2.17.jar:/data/hbase-0.98.0-hadoop2/lib/management-api-3.0.0-b012.jar:/data/hbase-0.98.0-hadoop2/lib/metrics-core-2.1.2.jar:/data/hbase-0.98.0-hadoop2/lib/netty-3.6.6.Final.jar:/data/hbase-0.98.0-hadoop2/lib/paranamer-2.3.jar:/data/hbase-0.98.0-hadoop2/lib/protobuf-java-2.5.0.jar:/data/hbase-0.98.0-hadoop2/lib/servlet-api-2.5-6.1.14.jar:/data/hbase-0.98.0-hadoop2/lib/servlet-api-2.5.jar:/data/hbase-0.98.0-hadoop2/lib/slf4j-api-1.6.4.jar:/data/hbase-0.98.0-hadoop2/lib/slf4j-log4j12-1.6.4.jar:/data/hbase-0.98.0-hadoop2/lib/snappy-java-1.0.4.1.jar:/data/hbase-0.98.0-hadoop2/lib/stax-api-1.0.1.jar:/data/hbase-0.98.0-hadoop2/lib/xmlenc-0.52.jar:/data/hbase-0.98.0-hadoop2/lib/xz-1.0.jar:/data/hbase-0.98.0-hadoop2/lib/zookeeper-3.4.5.jar:/data/hadoop-2.5.2/etc/hadoop:/data/hadoop-2.5.2/share/hadoop/common/lib/jsp-api-2.1.jar:/data/hadoop-2.5.2/share/hadoop/common/lib/log4j-1.2.17.jar:/data/hadoop-2.5.2/share/hadoop/common/lib/guava-11.0.2.jar:/data/hadoop-2.5.2/share/hadoop/common/lib/zookeeper-3.4.6.jar:/data/hadoop-2.5.2/share/hadoop/common/lib/slf4j-log4j12-1.7.5.jar:/data/hadoop-2.5.2/share/hadoop/common/lib/xmlenc-0.52.jar:/data/hadoop-2.5.2/share/hadoop/common/lib/snappy-java-1.0.4.1.jar:/data/hadoop-2.5.2/share/hadoop/common/lib/commons-collections-3.2.1.jar:/data/hadoop-2.5.2/share/hadoop/common/lib/apacheds-i18n-2.0.0-M15.jar:/data/hadoop-2.5.2/share/hadoop/common/lib/commons-cli-1.2.jar:/data/hadoop-2.5.2/share/hadoop/common/lib/commons-logging-1.1.3.jar:/data/hadoop-2.5.2/share/hadoop/common/lib/jersey-core-1.9.jar:/data/hadoop-2.5.2/share/hadoop/common/lib/commons-digester-1.8.jar:/data/hadoop-2.5.2/share/hadoop/common/lib/commons-beanutils-1.7.0.jar:/data/hadoop-2.5.2/share/hadoop/common/lib/jasper-runtime-5.5.23.jar:/data/hadoop-2.5.2/share/hadoop/common/lib/jaxb-impl-2.2.3-1.jar:/data/hadoop-2.5.2/share/hadoop/common/lib/hadoop-auth-2.5.2.jar:/data/hadoop-2.5.2/share/hadoop/common/lib/api-asn1-api-1.0.0-M20.jar:/data/hadoop-2.5.2/share/hadoop/common/lib/apacheds-kerberos-codec-2.0.0-M15.jar:/data/hadoop-2.5.2/share/hadoop/common/lib/commons-httpclient-3.1.jar:/data/hadoop-2.5.2/share/hadoop/common/lib/asm-3.2.jar:/data/hadoop-2.5.2/share/hadoop/common/lib/stax-api-1.0-2.jar:/data/hadoop-2.5.2/share/hadoop/common/lib/protobuf-java-2.5.0.jar:/data/hadoop-2.5.2/share/hadoop/common/lib/hadoop-annotations-2.5.2.jar:/data/hadoop-2.5.2/share/hadoop/common/lib/hamcrest-core-1.3.jar:/data/hadoop-2.5.2/share/hadoop/common/lib/commons-codec-1.4.jar:/data/hadoop-2.5.2/share/hadoop/common/lib/junit-4.11.jar:/data/hadoop-2.5.2/share/hadoop/common/lib/jetty-6.1.26.jar:/data/hadoop-2.5.2/share/hadoop/common/lib/commons-lang-2.6.jar:/data/hadoop-2.5.2/share/hadoop/common/lib/mockito-all-1.8.5.jar:/data/hadoop-2.5.2/share/hadoop/common/lib/jsch-0.1.42.jar:/data/hadoop-2.5.2/share/hadoop/common/lib/jetty-util-6.1.26.jar:/data/hadoop-2.5.2/share/hadoop/common/lib/jersey-json-1.9.jar:/data/hadoop-2.5.2/share/hadoop/common/lib/httpclient-4.2.5.jar:/data/hadoop-2.5.2/share/hadoop/common/lib/httpcore-4.2.5.jar:/data/hadoop-2.5.2/share/hadoop/common/lib/commons-math3-3.1.1.jar:/data/hadoop-2.5.2/share/hadoop/common/lib/jackson-core-asl-1.9.13.jar:/data/hadoop-2.5.2/share/hadoop/common/lib/jackson-jaxrs-1.9.13.jar:/data/hadoop-2.5.2/share/hadoop/common/lib/jasper-compiler-5.5.23.jar:/data/hadoop-2.5.2/share/hadoop/common/lib/commons-compress-1.4.1.jar:/data/hadoop-2.5.2/share/hadoop/common/lib/netty-3.6.2.Final.jar:/data/hadoop-2.5.2/share/hadoop/common/lib/slf4j-api-1.7.5.jar:/data/hadoop-2.5.2/share/hadoop/common/lib/xz-1.0.jar:/data/hadoop-2.5.2/share/hadoop/common/lib/java-xmlbuilder-0.4.jar:/data/hadoop-2.5.2/share/hadoop/common/lib/commons-configuration-1.6.jar:/data/hadoop-2.5.2/share/hadoop/common/lib/jsr305-1.3.9.jar:/data/hadoop-2.5.2/share/hadoop/common/lib/api-util-1.0.0-M20.jar:/data/hadoop-2.5.2/share/hadoop/common/lib/activation-1.1.jar:/data/hadoop-2.5.2/share/hadoop/common/lib/jets3t-0.9.0.jar:/data/hadoop-2.5.2/share/hadoop/common/lib/jersey-server-1.9.jar:/data/hadoop-2.5.2/share/hadoop/common/lib/jackson-mapper-asl-1.9.13.jar:/data/hadoop-2.5.2/share/hadoop/common/lib/avro-1.7.4.jar:/data/hadoop-2.5.2/share/hadoop/common/lib/commons-el-1.0.jar:/data/hadoop-2.5.2/share/hadoop/common/lib/commons-io-2.4.jar:/data/hadoop-2.5.2/share/hadoop/common/lib/servlet-api-2.5.jar:/data/hadoop-2.5.2/share/hadoop/common/lib/commons-beanutils-core-1.8.0.jar:/data/hadoop-2.5.2/share/hadoop/common/lib/commons-net-3.1.jar:/data/hadoop-2.5.2/share/hadoop/common/lib/jettison-1.1.jar:/data/hadoop-2.5.2/share/hadoop/common/lib/jaxb-api-2.2.2.jar:/data/hadoop-2.5.2/share/hadoop/common/lib/jackson-xc-1.9.13.jar:/data/hadoop-2.5.2/share/hadoop/common/lib/paranamer-2.3.jar:/data/hadoop-2.5.2/share/hadoop/common/hadoop-nfs-2.5.2.jar:/data/hadoop-2.5.2/share/hadoop/common/hadoop-common-2.5.2.jar:/data/hadoop-2.5.2/share/hadoop/common/hadoop-common-2.5.2-tests.jar:/data/hadoop-2.5.2/share/hadoop/hdfs:/data/hadoop-2.5.2/share/hadoop/hdfs/lib/jsp-api-2.1.jar:/data/hadoop-2.5.2/share/hadoop/hdfs/lib/log4j-1.2.17.jar:/data/hadoop-2.5.2/share/hadoop/hdfs/lib/guava-11.0.2.jar:/data/hadoop-2.5.2/share/hadoop/hdfs/lib/xmlenc-0.52.jar:/data/hadoop-2.5.2/share/hadoop/hdfs/lib/commons-cli-1.2.jar:/data/hadoop-2.5.2/share/hadoop/hdfs/lib/commons-logging-1.1.3.jar:/data/hadoop-2.5.2/share/hadoop/hdfs/lib/jersey-core-1.9.jar:/data/hadoop-2.5.2/share/hadoop/hdfs/lib/jasper-runtime-5.5.23.jar:/data/hadoop-2.5.2/share/hadoop/hdfs/lib/asm-3.2.jar:/data/hadoop-2.5.2/share/hadoop/hdfs/lib/protobuf-java-2.5.0.jar:/data/hadoop-2.5.2/share/hadoop/hdfs/lib/commons-daemon-1.0.13.jar:/data/hadoop-2.5.2/share/hadoop/hdfs/lib/commons-codec-1.4.jar:/data/hadoop-2.5.2/share/hadoop/hdfs/lib/jetty-6.1.26.jar:/data/hadoop-2.5.2/share/hadoop/hdfs/lib/commons-lang-2.6.jar:/data/hadoop-2.5.2/share/hadoop/hdfs/lib/jetty-util-6.1.26.jar:/data/hadoop-2.5.2/share/hadoop/hdfs/lib/jackson-core-asl-1.9.13.jar:/data/hadoop-2.5.2/share/hadoop/hdfs/lib/netty-3.6.2.Final.jar:/data/hadoop-2.5.2/share/hadoop/hdfs/lib/jsr305-1.3.9.jar:/data/hadoop-2.5.2/share/hadoop/hdfs/lib/jersey-server-1.9.jar:/data/hadoop-2.5.2/share/hadoop/hdfs/lib/jackson-mapper-asl-1.9.13.jar:/data/hadoop-2.5.2/share/hadoop/hdfs/lib/commons-el-1.0.jar:/data/hadoop-2.5.2/share/hadoop/hdfs/lib/commons-io-2.4.jar:/data/hadoop-2.5.2/share/hadoop/hdfs/lib/servlet-api-2.5.jar:/data/hadoop-2.5.2/share/hadoop/hdfs/hadoop-hdfs-2.5.2-tests.jar:/data/hadoop-2.5.2/share/hadoop/hdfs/hadoop-hdfs-2.5.2.jar:/data/hadoop-2.5.2/share/hadoop/hdfs/hadoop-hdfs-nfs-2.5.2.jar:/data/hadoop-2.5.2/share/hadoop/yarn/lib/log4j-1.2.17.jar:/data/hadoop-2.5.2/share/hadoop/yarn/lib/guava-11.0.2.jar:/data/hadoop-2.5.2/share/hadoop/yarn/lib/zookeeper-3.4.6.jar:/data/hadoop-2.5.2/share/hadoop/yarn/lib/commons-collections-3.2.1.jar:/data/hadoop-2.5.2/share/hadoop/yarn/lib/commons-cli-1.2.jar:/data/hadoop-2.5.2/share/hadoop/yarn/lib/commons-logging-1.1.3.jar:/data/hadoop-2.5.2/share/hadoop/yarn/lib/jersey-core-1.9.jar:/data/hadoop-2.5.2/share/hadoop/yarn/lib/leveldbjni-all-1.8.jar:/data/hadoop-2.5.2/share/hadoop/yarn/lib/jaxb-impl-2.2.3-1.jar:/data/hadoop-2.5.2/share/hadoop/yarn/lib/jline-0.9.94.jar:/data/hadoop-2.5.2/share/hadoop/yarn/lib/commons-httpclient-3.1.jar:/data/hadoop-2.5.2/share/hadoop/yarn/lib/asm-3.2.jar:/data/hadoop-2.5.2/share/hadoop/yarn/lib/stax-api-1.0-2.jar:/data/hadoop-2.5.2/share/hadoop/yarn/lib/protobuf-java-2.5.0.jar:/data/hadoop-2.5.2/share/hadoop/yarn/lib/aopalliance-1.0.jar:/data/hadoop-2.5.2/share/hadoop/yarn/lib/commons-codec-1.4.jar:/data/hadoop-2.5.2/share/hadoop/yarn/lib/jetty-6.1.26.jar:/data/hadoop-2.5.2/share/hadoop/yarn/lib/commons-lang-2.6.jar:/data/hadoop-2.5.2/share/hadoop/yarn/lib/jetty-util-6.1.26.jar:/data/hadoop-2.5.2/share/hadoop/yarn/lib/jersey-guice-1.9.jar:/data/hadoop-2.5.2/share/hadoop/yarn/lib/jersey-json-1.9.jar:/data/hadoop-2.5.2/share/hadoop/yarn/lib/javax.inject-1.jar:/data/hadoop-2.5.2/share/hadoop/yarn/lib/jackson-core-asl-1.9.13.jar:/data/hadoop-2.5.2/share/hadoop/yarn/lib/jackson-jaxrs-1.9.13.jar:/data/hadoop-2.5.2/share/hadoop/yarn/lib/commons-compress-1.4.1.jar:/data/hadoop-2.5.2/share/hadoop/yarn/lib/netty-3.6.2.Final.jar:/data/hadoop-2.5.2/share/hadoop/yarn/lib/xz-1.0.jar:/data/hadoop-2.5.2/share/hadoop/yarn/lib/jsr305-1.3.9.jar:/data/hadoop-2.5.2/share/hadoop/yarn/lib/guice-servlet-3.0.jar:/data/hadoop-2.5.2/share/hadoop/yarn/lib/activation-1.1.jar:/data/hadoop-2.5.2/share/hadoop/yarn/lib/guice-3.0.jar:/data/hadoop-2.5.2/share/hadoop/yarn/lib/jersey-server-1.9.jar:/data/hadoop-2.5.2/share/hadoop/yarn/lib/jackson-mapper-asl-1.9.13.jar:/data/hadoop-2.5.2/share/hadoop/yarn/lib/commons-io-2.4.jar:/data/hadoop-2.5.2/share/hadoop/yarn/lib/servlet-api-2.5.jar:/data/hadoop-2.5.2/share/hadoop/yarn/lib/jersey-client-1.9.jar:/data/hadoop-2.5.2/share/hadoop/yarn/lib/jettison-1.1.jar:/data/hadoop-2.5.2/share/hadoop/yarn/lib/jaxb-api-2.2.2.jar:/data/hadoop-2.5.2/share/hadoop/yarn/lib/jackson-xc-1.9.13.jar:/data/hadoop-2.5.2/share/hadoop/yarn/hadoop-yarn-server-tests-2.5.2.jar:/data/hadoop-2.5.2/share/hadoop/yarn/hadoop-yarn-server-resourcemanager-2.5.2.jar:/data/hadoop-2.5.2/share/hadoop/yarn/hadoop-yarn-server-applicationhistoryservice-2.5.2.jar:/data/hadoop-2.5.2/share/hadoop/yarn/hadoop-yarn-common-2.5.2.jar:/data/hadoop-2.5.2/share/hadoop/yarn/hadoop-yarn-api-2.5.2.jar:/data/hadoop-2.5.2/share/hadoop/yarn/hadoop-yarn-applications-distributedshell-2.5.2.jar:/data/hadoop-2.5.2/share/hadoop/yarn/hadoop-yarn-server-web-proxy-2.5.2.jar:/data/hadoop-2.5.2/share/hadoop/yarn/hadoop-yarn-applications-unmanaged-am-launcher-2.5.2.jar:/data/hadoop-2.5.2/share/hadoop/yarn/hadoop-yarn-server-common-2.5.2.jar:/data/hadoop-2.5.2/share/hadoop/yarn/hadoop-yarn-client-2.5.2.jar:/data/hadoop-2.5.2/share/hadoop/yarn/hadoop-yarn-server-nodemanager-2.5.2.jar:/data/hadoop-2.5.2/share/hadoop/mapreduce/lib/log4j-1.2.17.jar:/data/hadoop-2.5.2/share/hadoop/mapreduce/lib/snappy-java-1.0.4.1.jar:/data/hadoop-2.5.2/share/hadoop/mapreduce/lib/jersey-core-1.9.jar:/data/hadoop-2.5.2/share/hadoop/mapreduce/lib/leveldbjni-all-1.8.jar:/data/hadoop-2.5.2/share/hadoop/mapreduce/lib/asm-3.2.jar:/data/hadoop-2.5.2/share/hadoop/mapreduce/lib/protobuf-java-2.5.0.jar:/data/hadoop-2.5.2/share/hadoop/mapreduce/lib/hadoop-annotations-2.5.2.jar:/data/hadoop-2.5.2/share/hadoop/mapreduce/lib/hamcrest-core-1.3.jar:/data/hadoop-2.5.2/share/hadoop/mapreduce/lib/aopalliance-1.0.jar:/data/hadoop-2.5.2/share/hadoop/mapreduce/lib/junit-4.11.jar:/data/hadoop-2.5.2/share/hadoop/mapreduce/lib/jersey-guice-1.9.jar:/data/hadoop-2.5.2/share/hadoop/mapreduce/lib/javax.inject-1.jar:/data/hadoop-2.5.2/share/hadoop/mapreduce/lib/jackson-core-asl-1.9.13.jar:/data/hadoop-2.5.2/share/hadoop/mapreduce/lib/commons-compress-1.4.1.jar:/data/hadoop-2.5.2/share/hadoop/mapreduce/lib/netty-3.6.2.Final.jar:/data/hadoop-2.5.2/share/hadoop/mapreduce/lib/xz-1.0.jar:/data/hadoop-2.5.2/share/hadoop/mapreduce/lib/guice-servlet-3.0.jar:/data/hadoop-2.5.2/share/hadoop/mapreduce/lib/guice-3.0.jar:/data/hadoop-2.5.2/share/hadoop/mapreduce/lib/jersey-server-1.9.jar:/data/hadoop-2.5.2/share/hadoop/mapreduce/lib/jackson-mapper-asl-1.9.13.jar:/data/hadoop-2.5.2/share/hadoop/mapreduce/lib/avro-1.7.4.jar:/data/hadoop-2.5.2/share/hadoop/mapreduce/lib/commons-io-2.4.jar:/data/hadoop-2.5.2/share/hadoop/mapreduce/lib/paranamer-2.3.jar:/data/hadoop-2.5.2/share/hadoop/mapreduce/hadoop-mapreduce-client-common-2.5.2.jar:/data/hadoop-2.5.2/share/hadoop/mapreduce/hadoop-mapreduce-client-core-2.5.2.jar:/data/hadoop-2.5.2/share/hadoop/mapreduce/hadoop-mapreduce-client-jobclient-2.5.2.jar:/data/hadoop-2.5.2/share/hadoop/mapreduce/hadoop-mapreduce-client-hs-2.5.2.jar:/data/hadoop-2.5.2/share/hadoop/mapreduce/hadoop-mapreduce-client-shuffle-2.5.2.jar:/data/hadoop-2.5.2/share/hadoop/mapreduce/hadoop-mapreduce-examples-2.5.2.jar:/data/hadoop-2.5.2/share/hadoop/mapreduce/hadoop-mapreduce-client-hs-plugins-2.5.2.jar:/data/hadoop-2.5.2/share/hadoop/mapreduce/hadoop-mapreduce-client-app-2.5.2.jar:/data/hadoop-2.5.2/share/hadoop/mapreduce/hadoop-mapreduce-client-jobclient-2.5.2-tests.jar:/data/hadoop-2.5.2/contrib/capacity-scheduler/*.jar:
2016-02-01 17:47:27,965 INFO  [main] zookeeper.ZooKeeper: Client environment:java.library.path=/usr/java/packages/lib/amd64:/usr/lib/x86_64-linux-gnu/jni:/lib/x86_64-linux-gnu:/usr/lib/x86_64-linux-gnu:/usr/lib/jni:/lib:/usr/lib
2016-02-01 17:47:27,965 INFO  [main] zookeeper.ZooKeeper: Client environment:java.io.tmpdir=/tmp
2016-02-01 17:47:27,965 INFO  [main] zookeeper.ZooKeeper: Client environment:java.compiler=<NA>
2016-02-01 17:47:27,965 INFO  [main] zookeeper.ZooKeeper: Client environment:os.name=Linux
2016-02-01 17:47:27,965 INFO  [main] zookeeper.ZooKeeper: Client environment:os.arch=amd64
2016-02-01 17:47:27,965 INFO  [main] zookeeper.ZooKeeper: Client environment:os.version=3.16.0-38-generic
2016-02-01 17:47:27,966 INFO  [main] zookeeper.ZooKeeper: Client environment:user.name=ubuntu
2016-02-01 17:47:27,966 INFO  [main] zookeeper.ZooKeeper: Client environment:user.home=/home/ubuntu
2016-02-01 17:47:27,966 INFO  [main] zookeeper.ZooKeeper: Client environment:user.dir=/mnt/disk1/hbase-data-loading/src
2016-02-01 17:47:27,966 INFO  [main] zookeeper.ZooKeeper: Initiating client connection, connectString=kvhbase-1:2222,rmpi01:2222,kvtestds3:2222 sessionTimeout=90000 watcher=hconnection-0x16aef321, quorum=kvhbase-1:2222,rmpi01:2222,kvtestds3:2222, baseZNode=/hbase
2016-02-01 17:47:27,986 INFO  [main] zookeeper.RecoverableZooKeeper: Process identifier=hconnection-0x16aef321 connecting to ZooKeeper ensemble=kvhbase-1:2222,rmpi01:2222,kvtestds3:2222
2016-02-01 17:47:27,992 INFO  [main-SendThread(kvtestds3:2222)] zookeeper.ClientCnxn: Opening socket connection to server kvtestds3/11.11.0.138:2222. Will not attempt to authenticate using SASL (unknown error)
2016-02-01 17:47:27,999 INFO  [main-SendThread(kvtestds3:2222)] zookeeper.ClientCnxn: Socket connection established to kvtestds3/11.11.0.138:2222, initiating session
2016-02-01 17:47:28,065 INFO  [main-SendThread(kvtestds3:2222)] zookeeper.ClientCnxn: Session establishment complete on server kvtestds3/11.11.0.138:2222, sessionid = 0x2526a3653090016, negotiated timeout = 90000
2016-02-01 17:47:28,648 INFO  [main] zookeeper.ZooKeeper: Initiating client connection, connectString=kvhbase-1:2222,rmpi01:2222,kvtestds3:2222 sessionTimeout=90000 watcher=catalogtracker-on-hconnection-0x16aef321, quorum=kvhbase-1:2222,rmpi01:2222,kvtestds3:2222, baseZNode=/hbase
2016-02-01 17:47:28,648 INFO  [main] zookeeper.RecoverableZooKeeper: Process identifier=catalogtracker-on-hconnection-0x16aef321 connecting to ZooKeeper ensemble=kvhbase-1:2222,rmpi01:2222,kvtestds3:2222
2016-02-01 17:47:28,649 INFO  [main-SendThread(kvtestds3:2222)] zookeeper.ClientCnxn: Opening socket connection to server kvtestds3/11.11.0.138:2222. Will not attempt to authenticate using SASL (unknown error)
2016-02-01 17:47:28,650 INFO  [main-SendThread(kvtestds3:2222)] zookeeper.ClientCnxn: Socket connection established to kvtestds3/11.11.0.138:2222, initiating session
2016-02-01 17:47:28,650 DEBUG [main] catalog.CatalogTracker: Starting catalog tracker org.apache.hadoop.hbase.catalog.CatalogTracker@6e300522
2016-02-01 17:47:28,708 INFO  [main-SendThread(kvtestds3:2222)] zookeeper.ClientCnxn: Session establishment complete on server kvtestds3/11.11.0.138:2222, sessionid = 0x2526a3653090017, negotiated timeout = 90000
2016-02-01 17:47:28,749 INFO  [main] Configuration.deprecation: hadoop.native.lib is deprecated. Instead, use io.native.lib.available
2016-02-01 17:47:29,089 WARN  [main] hbase.HBaseConfiguration: Config option "hbase.regionserver.lease.period" is deprecated. Instead, use "hbase.client.scanner.timeout.period"
2016-02-01 17:47:29,340 DEBUG [main] catalog.CatalogTracker: Stopping catalog tracker org.apache.hadoop.hbase.catalog.CatalogTracker@6e300522
2016-02-01 17:47:29,346 INFO  [main] zookeeper.ZooKeeper: Session: 0x2526a3653090017 closed
2016-02-01 17:47:29,347 INFO  [main-EventThread] zookeeper.ClientCnxn: EventThread shut down
2016-02-01 17:47:29,350 INFO  [main] zookeeper.ZooKeeper: Initiating client connection, connectString=kvhbase-1:2222,rmpi01:2222,kvtestds3:2222 sessionTimeout=90000 watcher=catalogtracker-on-hconnection-0x16aef321, quorum=kvhbase-1:2222,rmpi01:2222,kvtestds3:2222, baseZNode=/hbase
2016-02-01 17:47:29,351 INFO  [main] zookeeper.RecoverableZooKeeper: Process identifier=catalogtracker-on-hconnection-0x16aef321 connecting to ZooKeeper ensemble=kvhbase-1:2222,rmpi01:2222,kvtestds3:2222
2016-02-01 17:47:29,351 DEBUG [main] catalog.CatalogTracker: Starting catalog tracker org.apache.hadoop.hbase.catalog.CatalogTracker@24b1c39f
2016-02-01 17:47:29,351 INFO  [main-SendThread(kvhbase-1:2222)] zookeeper.ClientCnxn: Opening socket connection to server kvhbase-1/11.11.0.151:2222. Will not attempt to authenticate using SASL (unknown error)
2016-02-01 17:47:29,352 INFO  [main-SendThread(kvhbase-1:2222)] zookeeper.ClientCnxn: Socket connection established to kvhbase-1/11.11.0.151:2222, initiating session
2016-02-01 17:47:29,362 INFO  [main-SendThread(kvhbase-1:2222)] zookeeper.ClientCnxn: Session establishment complete on server kvhbase-1/11.11.0.151:2222, sessionid = 0x1526a366a75001d, negotiated timeout = 90000
2016-02-01 17:47:29,367 WARN  [main] hbase.HBaseConfiguration: Config option "hbase.regionserver.lease.period" is deprecated. Instead, use "hbase.client.scanner.timeout.period"
2016-02-01 17:47:29,381 DEBUG [main] catalog.CatalogTracker: Stopping catalog tracker org.apache.hadoop.hbase.catalog.CatalogTracker@24b1c39f
2016-02-01 17:47:29,386 INFO  [main] zookeeper.ZooKeeper: Session: 0x1526a366a75001d closed
2016-02-01 17:47:29,386 INFO  [main-EventThread] zookeeper.ClientCnxn: EventThread shut down
2016-02-01 17:47:29,389 INFO  [main] zookeeper.ZooKeeper: Initiating client connection, connectString=kvhbase-1:2222,rmpi01:2222,kvtestds3:2222 sessionTimeout=90000 watcher=catalogtracker-on-hconnection-0x16aef321, quorum=kvhbase-1:2222,rmpi01:2222,kvtestds3:2222, baseZNode=/hbase
2016-02-01 17:47:29,390 INFO  [main] zookeeper.RecoverableZooKeeper: Process identifier=catalogtracker-on-hconnection-0x16aef321 connecting to ZooKeeper ensemble=kvhbase-1:2222,rmpi01:2222,kvtestds3:2222
2016-02-01 17:47:29,390 INFO  [main-SendThread(rmpi01:2222)] zookeeper.ClientCnxn: Opening socket connection to server rmpi01/11.11.0.75:2222. Will not attempt to authenticate using SASL (unknown error)
2016-02-01 17:47:29,390 DEBUG [main] catalog.CatalogTracker: Starting catalog tracker org.apache.hadoop.hbase.catalog.CatalogTracker@2af27e2a
2016-02-01 17:47:29,391 INFO  [main-SendThread(rmpi01:2222)] zookeeper.ClientCnxn: Socket connection established to rmpi01/11.11.0.75:2222, initiating session
2016-02-01 17:47:29,399 INFO  [main-SendThread(rmpi01:2222)] zookeeper.ClientCnxn: Session establishment complete on server rmpi01/11.11.0.75:2222, sessionid = 0x526a3652f9001b, negotiated timeout = 90000
2016-02-01 17:47:29,405 WARN  [main] hbase.HBaseConfiguration: Config option "hbase.regionserver.lease.period" is deprecated. Instead, use "hbase.client.scanner.timeout.period"
2016-02-01 17:47:29,421 DEBUG [main] catalog.CatalogTracker: Stopping catalog tracker org.apache.hadoop.hbase.catalog.CatalogTracker@2af27e2a
2016-02-01 17:47:29,427 INFO  [main] zookeeper.ZooKeeper: Session: 0x526a3652f9001b closed
2016-02-01 17:47:29,427 INFO  [main-EventThread] zookeeper.ClientCnxn: EventThread shut down
2016-02-01 17:47:29,496 WARN  [main] hbase.HBaseConfiguration: Config option "hbase.regionserver.lease.period" is deprecated. Instead, use "hbase.client.scanner.timeout.period"
2016-02-01 17:47:29,502 DEBUG [main] client.ClientSmallScanner: Finished with small scan at {ENCODED => 1588230740, NAME => 'hbase:meta,,1', STARTKEY => '', ENDKEY => ''}
2016-02-01 17:47:29,513 WARN  [main] hbase.HBaseConfiguration: Config option "hbase.regionserver.lease.period" is deprecated. Instead, use "hbase.client.scanner.timeout.period"
2016-02-01 17:47:29,534 WARN  [main] hbase.HBaseConfiguration: Config option "hbase.regionserver.lease.period" is deprecated. Instead, use "hbase.client.scanner.timeout.period"
2016-02-01 17:47:29,542 INFO  [main] zookeeper.ZooKeeper: Initiating client connection, connectString=kvhbase-1:2222,rmpi01:2222,kvtestds3:2222 sessionTimeout=90000 watcher=catalogtracker-on-hconnection-0x16aef321, quorum=kvhbase-1:2222,rmpi01:2222,kvtestds3:2222, baseZNode=/hbase
2016-02-01 17:47:29,543 INFO  [main] zookeeper.RecoverableZooKeeper: Process identifier=catalogtracker-on-hconnection-0x16aef321 connecting to ZooKeeper ensemble=kvhbase-1:2222,rmpi01:2222,kvtestds3:2222
2016-02-01 17:47:29,543 DEBUG [main] catalog.CatalogTracker: Starting catalog tracker org.apache.hadoop.hbase.catalog.CatalogTracker@28056c48
2016-02-01 17:47:29,544 INFO  [main-SendThread(rmpi01:2222)] zookeeper.ClientCnxn: Opening socket connection to server rmpi01/11.11.0.75:2222. Will not attempt to authenticate using SASL (unknown error)
2016-02-01 17:47:29,545 INFO  [main-SendThread(rmpi01:2222)] zookeeper.ClientCnxn: Socket connection established to rmpi01/11.11.0.75:2222, initiating session
2016-02-01 17:47:29,554 INFO  [main-SendThread(rmpi01:2222)] zookeeper.ClientCnxn: Session establishment complete on server rmpi01/11.11.0.75:2222, sessionid = 0x526a3652f9001c, negotiated timeout = 90000
2016-02-01 17:47:29,559 WARN  [main] hbase.HBaseConfiguration: Config option "hbase.regionserver.lease.period" is deprecated. Instead, use "hbase.client.scanner.timeout.period"
2016-02-01 17:47:29,578 DEBUG [main] catalog.CatalogTracker: Stopping catalog tracker org.apache.hadoop.hbase.catalog.CatalogTracker@28056c48
2016-02-01 17:47:29,585 INFO  [main] zookeeper.ZooKeeper: Session: 0x526a3652f9001c closed
2016-02-01 17:47:29,585 INFO  [main-EventThread] zookeeper.ClientCnxn: EventThread shut down
2016-02-01 17:47:29,595 WARN  [main] hbase.HBaseConfiguration: Config option "hbase.regionserver.lease.period" is deprecated. Instead, use "hbase.client.scanner.timeout.period"
2016-02-01 17:47:29,602 WARN  [main] hbase.HBaseConfiguration: Config option "hbase.regionserver.lease.period" is deprecated. Instead, use "hbase.client.scanner.timeout.period"
2016-02-01 17:47:30,396 DEBUG [main] client.ClientScanner: Advancing internal scanner to startKey at '1kgenome:19:  277867'
500
1454348850783
2016-02-01 17:47:32,020 DEBUG [main] client.ClientScanner: Advancing internal scanner to startKey at '1kgenome:19:  305638'
1000
1454348852298
1500
1454348853023
2016-02-01 17:47:33,392 DEBUG [main] client.ClientScanner: Advancing internal scanner to startKey at '1kgenome:19:  357231'
2000
1454348853710
2500
1454348854327
2016-02-01 17:47:34,644 DEBUG [main] client.ClientScanner: Advancing internal scanner to startKey at '1kgenome:19:  399301'
3000
1454348855507
3500
1454348856340
2016-02-01 17:47:36,651 DEBUG [main] client.ClientScanner: Advancing internal scanner to startKey at '1kgenome:19:  453439'
4000
1454348857157
4500
1454348857897
2016-02-01 17:47:38,260 DEBUG [main] client.ClientScanner: Advancing internal scanner to startKey at '1kgenome:19:  507344'
5000
1454348858644
5500
1454348859277
6000
1454348859973
2016-02-01 17:47:40,241 DEBUG [main] client.ClientScanner: Advancing internal scanner to startKey at '1kgenome:19:  580268'
6500
1454348860560
7000
1454348861118
7500
1454348861712
2016-02-01 17:47:41,976 DEBUG [main] client.ClientScanner: Advancing internal scanner to startKey at '1kgenome:19:  651091'
8000
1454348863021
8500
1454348864751
9000
1454348865395
2016-02-01 17:47:45,963 DEBUG [main] client.ClientScanner: Advancing internal scanner to startKey at '1kgenome:19:  753321'
9500
1454348866038
10000
1454348866860
10500
1454348867431
11000
1454348869373
2016-02-01 17:47:49,702 DEBUG [main] client.ClientScanner: Advancing internal scanner to startKey at '1kgenome:19:  843134'
2016-02-01 17:47:49,718 WARN  [main] hbase.HBaseConfiguration: Config option "hbase.regionserver.lease.period" is deprecated. Instead, use "hbase.client.scanner.timeout.period"
11500
1454348870616
12000
1454348872093
12500
1454348874065
2016-02-01 17:47:55,157 DEBUG [main] client.ClientScanner: Advancing internal scanner to startKey at '1kgenome:19:  936264'
13000
1454348875543
13500
1454348876930
14000
1454348878264
14500
1454348880273
2016-02-01 17:48:00,443 DEBUG [main] client.ClientScanner: Advancing internal scanner to startKey at '1kgenome:19: 1036456'
15000
1454348882003
15500
1454348884477
16000
1454348886418
16500
1454348888486
17000
1454348890291
2016-02-01 17:48:10,829 DEBUG [main] client.ClientScanner: Advancing internal scanner to startKey at '1kgenome:19: 1199676'
17500
1454348892049
18000
1454348894026
18500
1454348895293
19000
1454348896863
19500
1454348899534
2016-02-01 17:48:20,451 DEBUG [main] client.ClientScanner: Advancing internal scanner to startKey at '1kgenome:19: 1388320'
20000
1454348901440
20500
1454348902390
21000
1454348904116
21500
1454348905860
2016-02-01 17:48:26,982 DEBUG [main] client.ClientScanner: Advancing internal scanner to startKey at '1kgenome:19: 1529418'
22000
1454348907294
22500
1454348909489
23000
1454348910371
23500
1454348911457
24000
1454348913024
2016-02-01 17:48:33,144 DEBUG [main] client.ClientScanner: Advancing internal scanner to startKey at '1kgenome:19: 1674571'
24500
1454348914420
25000
1454348915830
25500
1454348917674
26000
1454348920102
2016-02-01 17:48:40,600 DEBUG [main] client.ClientScanner: Advancing internal scanner to startKey at '1kgenome:19: 1814401'
26500
1454348922284
27000
1454348924195
27500
1454348925692
28000
1454348927413
2016-02-01 17:48:49,153 DEBUG [main] client.ClientScanner: Advancing internal scanner to startKey at '1kgenome:19: 1959773'
28500
1454348929633
29000
1454348930968
29500
1454348932359
30000
1454348933911
30500
1454348935473
2016-02-01 17:48:55,939 DEBUG [main] client.ClientScanner: Advancing internal scanner to startKey at '1kgenome:19: 2103779'
31000
1454348936530
31500
1454348937492
32000
1454348939038
32500
1454348940254
33000
1454348941452
2016-02-01 17:49:01,628 DEBUG [main] client.ClientScanner: Advancing internal scanner to startKey at '1kgenome:19: 2248179'
2016-02-01 17:49:01,647 WARN  [main] hbase.HBaseConfiguration: Config option "hbase.regionserver.lease.period" is deprecated. Instead, use "hbase.client.scanner.timeout.period"
33500
1454348942599
34000
1454348948256
34500
1454348950063
35000
1454348951299
35500
1454348952416
2016-02-01 17:49:12,493 DEBUG [main] client.ClientScanner: Advancing internal scanner to startKey at '1kgenome:19: 2403979'
36000
1454348954861
36500
1454348955955
37000
1454348956923
37500
1454348958908
2016-02-01 17:49:20,521 DEBUG [main] client.ClientScanner: Advancing internal scanner to startKey at '1kgenome:19: 2545593'
38000
1454348960724
38500
1454348962081
39000
1454348963525
39500
1454348964875
40000
1454348966673
2016-02-01 17:49:26,974 DEBUG [main] client.ClientScanner: Advancing internal scanner to startKey at '1kgenome:19: 2676460'
40500
1454348967691
41000
1454348969122
41500
1454348970379
42000
1454348971969
2016-02-01 17:49:33,106 DEBUG [main] client.ClientScanner: Advancing internal scanner to startKey at '1kgenome:19: 2807288'
42500
1454348973735
43000
1454348975637
43500
1454348978284
44000
1454348980109
44500
1454348981472
2016-02-01 17:49:41,982 DEBUG [main] client.ClientScanner: Advancing internal scanner to startKey at '1kgenome:19: 2934836'
45000
1454348982993
45500
1454348984340
46000
1454348985708
46500
1454348987261
47000
1454348989039
2016-02-01 17:49:49,229 DEBUG [main] client.ClientScanner: Advancing internal scanner to startKey at '1kgenome:19: 3073657'
47500
1454348990819
48000
1454348992524
48500
1454348994493
49000
1454348996121
2016-02-01 17:49:57,182 DEBUG [main] client.ClientScanner: Advancing internal scanner to startKey at '1kgenome:19: 3207186'
49500
1454348998029
50000
1454348999633
50500
1454349001027
51000
1454349002626
51500
1454349005539
2016-02-01 17:50:06,343 DEBUG [main] client.ClientScanner: Advancing internal scanner to startKey at '1kgenome:19: 3373530'
52000
1454349007393
52500
1454349009369
53000
1454349011199
53500
1454349012510
54000
1454349014640
2016-02-01 17:50:14,851 DEBUG [main] client.ClientScanner: Advancing internal scanner to startKey at '1kgenome:19: 3546442'
54500
1454349016039
55000
1454349017919
55500
1454349019451
56000
1454349021549
56500
1454349023993
2016-02-01 17:50:24,069 DEBUG [main] client.ClientScanner: Advancing internal scanner to startKey at '1kgenome:19: 3712185'
2016-02-01 17:50:24,080 WARN  [main] hbase.HBaseConfiguration: Config option "hbase.regionserver.lease.period" is deprecated. Instead, use "hbase.client.scanner.timeout.period"
57000
1454349025415
57500
1454349027071
58000
1454349028401
58500
1454349030541
2016-02-01 17:50:31,032 DEBUG [main] client.ClientScanner: Advancing internal scanner to startKey at '1kgenome:19: 3849831'
59000
1454349032191
59500
1454349033226
60000
1454349034940
60500
1454349036300
2016-02-01 17:50:37,217 DEBUG [main] client.ClientScanner: Advancing internal scanner to startKey at '1kgenome:19: 4004511'
61000
1454349037410
61500
1454349039177
62000
1454349040639
62500
1454349042434
63000
1454349043753
2016-02-01 17:50:44,346 DEBUG [main] client.ClientScanner: Advancing internal scanner to startKey at '1kgenome:19: 4175923'
63500
1454349045394
64000
1454349046484
64500
1454349047358
65000
1454349048739
65500
1454349050176
2016-02-01 17:50:50,365 DEBUG [main] client.ClientScanner: Advancing internal scanner to startKey at '1kgenome:19: 4313686'
66000
1454349051623
66500
1454349052707
67000
1454349055390
67500
1454349057007
68000
1454349058322
2016-02-01 17:50:58,350 DEBUG [main] client.ClientScanner: Advancing internal scanner to startKey at '1kgenome:19: 4478822'
68500
1454349059947
69000
1454349061697
69500
1454349063089
70000
1454349065643
2016-02-01 17:51:06,448 DEBUG [main] client.ClientScanner: Advancing internal scanner to startKey at '1kgenome:19: 4622318'
70500
1454349066847
71000
1454349068150
71500
1454349069486
72000
1454349071219
72500
1454349072625
73000
1454349075411
73500
1454349077014
74000
1454349078202
74500
1454349080140
2016-02-01 17:51:20,413 DEBUG [main] client.ClientScanner: Advancing internal scanner to startKey at '1kgenome:19: 4908281'
75000
1454349081318
75500
1454349082480
76000
1454349084261
76500
1454349086045
77000
1454349086935
77500
1454349088400
78000
1454349089661
78500
1454349090557
2016-02-01 17:51:32,602 DEBUG [main] client.ClientScanner: Advancing internal scanner to startKey at '1kgenome:19: 5199650'
79000
1454349092734
79500
1454349094691
80000
1454349096077
80500
1454349097667
81000
1454349099113
81500
1454349100369
82000
1454349101815
82500
1454349102717
2016-02-01 17:51:43,361 DEBUG [main] client.ClientScanner: Advancing internal scanner to startKey at '1kgenome:19: 5453569'
83000
1454349104862
83500
1454349105994
84000
1454349107453
84500
1454349109282
85000
1454349110127
85500
1454349111817
86000
1454349113298
86500
1454349114833
2016-02-01 17:51:55,189 DEBUG [main] client.ClientScanner: Advancing internal scanner to startKey at '1kgenome:19: 5723830'
2016-02-01 17:51:55,202 WARN  [main] hbase.HBaseConfiguration: Config option "hbase.regionserver.lease.period" is deprecated. Instead, use "hbase.client.scanner.timeout.period"
87000
1454349116083
87500
1454349117060
88000
1454349118149
88500
1454349119646
89000
1454349120836
89500
1454349122104
2016-02-01 17:52:02,297 DEBUG [main] client.ClientScanner: Advancing internal scanner to startKey at '1kgenome:19: 5914599'
90000
1454349123216
90500
1454349125188
91000
1454349126266
91500
1454349128288
92000
1454349130747
92500
1454349132819
2016-02-01 17:52:12,951 DEBUG [main] client.ClientScanner: Advancing internal scanner to startKey at '1kgenome:19: 6135347'
93000
1454349135042
93500
1454349136768
94000
1454349138479
94500
1454349140518
2016-02-01 17:52:20,555 DEBUG [main] client.ClientScanner: Advancing internal scanner to startKey at '1kgenome:19: 6259966'
95000
1454349141867
95500
1454349143178
96000
1454349144922
2016-02-01 17:52:26,469 DEBUG [main] client.ClientScanner: Advancing internal scanner to startKey at '1kgenome:19: 6375793'
96500
1454349146668
97000
1454349148393
97500
1454349150338
98000
1454349151882
2016-02-01 17:52:32,763 DEBUG [main] client.ClientScanner: Advancing internal scanner to startKey at '1kgenome:19: 6492880'
98500
1454349154231
99000
1454349156022
99500
1454349157184
100000
1454349158421
2016-02-01 17:52:39,798 DEBUG [main] client.ClientScanner: Advancing internal scanner to startKey at '1kgenome:19: 6629799'
100500
1454349160183
101000
1454349161601
101500
1454349163126
102000
1454349165492
102500
1454349167035
103000
1454349168453
103500
1454349170756
104000
1454349172116
2016-02-01 17:52:53,361 DEBUG [main] client.ClientScanner: Advancing internal scanner to startKey at '1kgenome:19: 6866283'
104500
1454349173820
105000
1454349175800
105500
1454349177489
106000
1454349179206
106500
1454349181171
107000
1454349182568
107500
1454349184829
108000
1454349186681
2016-02-01 17:53:07,977 DEBUG [main] client.ClientScanner: Advancing internal scanner to startKey at '1kgenome:19: 7136092'
108500
1454349188124
109000
1454349191455
109500
1454349193496
110000
1454349196142
110500
1454349197452
2016-02-01 17:53:17,959 DEBUG [main] client.ClientScanner: Advancing internal scanner to startKey at '1kgenome:19: 7276662'
111000
1454349200225
111500
1454349201984
112000
1454349203423
112500
1454349206296
113000
1454349208059
2016-02-01 17:53:28,100 DEBUG [main] client.ClientScanner: Advancing internal scanner to startKey at '1kgenome:19: 7499912'
2016-02-01 17:53:28,117 WARN  [main] hbase.HBaseConfiguration: Config option "hbase.regionserver.lease.period" is deprecated. Instead, use "hbase.client.scanner.timeout.period"
113500
1454349210591
114000
1454349211752
114500
1454349213813
115000
1454349215825
2016-02-01 17:53:36,674 DEBUG [main] client.ClientScanner: Advancing internal scanner to startKey at '1kgenome:19: 7650474'
115500
1454349216833
116000
1454349217801
116500
1454349218648
117000
1454349220871
117500
1454349222202
2016-02-01 17:53:43,240 DEBUG [main] client.ClientScanner: Advancing internal scanner to startKey at '1kgenome:19: 7794510'
118000
1454349223713
118500
1454349225745
119000
1454349227493
119500
1454349228882
120000
1454349230759
2016-02-01 17:53:51,001 DEBUG [main] client.ClientScanner: Advancing internal scanner to startKey at '1kgenome:19: 7950635'
120500
1454349232480
121000
1454349234889
121500
1454349236296
122000
1454349237613
2016-02-01 17:53:58,377 DEBUG [main] client.ClientScanner: Advancing internal scanner to startKey at '1kgenome:19: 8117967'
122500
1454349239493
123000
1454349240337
123500
1454349241908
124000
1454349243157
124500
1454349244731
125000
1454349246226
125500
1454349247714
126000
1454349249530
126500
1454349250944
2016-02-01 17:54:12,038 DEBUG [main] client.ClientScanner: Advancing internal scanner to startKey at '1kgenome:19: 8406243'
127000
1454349252719
127500
1454349253842
128000
1454349255684
128500
1454349257461
129000
1454349258682
129500
1454349260366
130000
1454349261926
130500
1454349263015
131000
1454349265133
2016-02-01 17:54:26,357 DEBUG [main] client.ClientScanner: Advancing internal scanner to startKey at '1kgenome:19: 8774722'
131500
1454349267180
132000
1454349268832
132500
1454349270342
133000
1454349272015
133500
1454349273281
134000
1454349275314
134500
1454349276494
2016-02-01 17:54:37,407 DEBUG [main] client.ClientScanner: Advancing internal scanner to startKey at '1kgenome:19: 9044392'
135000
1454349278246
135500
1454349280282
136000
1454349281665
136500
1454349283006
137000
1454349284283
137500
1454349286333
138000
1454349287618
2016-02-01 17:54:48,573 DEBUG [main] client.ClientScanner: Advancing internal scanner to startKey at '1kgenome:19: 9264423'
138500
1454349289685
139000
1454349290908
139500
1454349292194
140000
1454349294329
140500
1454349296114
141000
1454349297443
141500
1454349299357
2016-02-01 17:55:01,281 DEBUG [main] client.ClientScanner: Advancing internal scanner to startKey at '1kgenome:19: 9494889'
142000
1454349301478
142500
1454349302778
143000
1454349304563
143500
1454349306061
144000
1454349307641
144500
1454349309772
145000
1454349312229
145500
1454349313863
2016-02-01 17:55:13,970 DEBUG [main] client.ClientScanner: Advancing internal scanner to startKey at '1kgenome:19: 9715643'
2016-02-01 17:55:13,984 WARN  [main] hbase.HBaseConfiguration: Config option "hbase.regionserver.lease.period" is deprecated. Instead, use "hbase.client.scanner.timeout.period"
146000
1454349316240
146500
1454349317316
147000
1454349318560
147500
1454349320884
148000
1454349322123
148500
1454349323522
149000
1454349325281
149500
1454349326307
150000
1454349327777
150500
1454349329324
151000
1454349330771
151500
1454349332075
2016-02-01 17:55:32,430 DEBUG [main] client.ClientScanner: Advancing internal scanner to startKey at '1kgenome:19:10122770'
152000
1454349333082
152500
1454349334846
153000
1454349335830
153500
1454349337144
154000
1454349338502
154500
1454349340310
155000
1454349341583
155500
1454349343037
156000
1454349344504
156500
1454349345719
157000
1454349346991
157500
1454349348279
2016-02-01 17:55:48,897 DEBUG [main] client.ClientScanner: Advancing internal scanner to startKey at '1kgenome:19:10585677'
158000
1454349349979
158500
1454349351294
159000
1454349352749
159500
1454349355633
160000
1454349357446
160500
1454349358991
161000
1454349360713
2016-02-01 17:56:01,630 DEBUG [main] client.ClientScanner: Advancing internal scanner to startKey at '1kgenome:19:10855728'
161500
1454349361962
162000
1454349363357
162500
1454349365316
163000
1454349366621
163500
1454349368115
164000
1454349370870
164500
1454349372532
165000
1454349374351
2016-02-01 17:56:14,410 DEBUG [main] client.ClientScanner: Advancing internal scanner to startKey at '1kgenome:19:11151059'
165500
1454349375954
166000
1454349377249
166500
1454349378418
167000
1454349381187
2016-02-01 17:56:21,284 DEBUG [main] client.ClientScanner: Advancing internal scanner to startKey at '1kgenome:19:11282522'
167500
1454349382976
168000
1454349385166
168500
1454349386421
169000
1454349388632
2016-02-01 17:56:28,755 DEBUG [main] client.ClientScanner: Advancing internal scanner to startKey at '1kgenome:19:11415491'
169500
1454349390262
170000
1454349391510
170500
1454349393336
171000
1454349396461
171500
1454349397625
172000
1454349399194
172500
1454349401488
173000
1454349403330
173500
1454349406814
2016-02-01 17:56:47,202 DEBUG [main] client.ClientScanner: Advancing internal scanner to startKey at '1kgenome:19:11763223'
174000
1454349408103
174500
1454349409632
175000
1454349411304
175500
1454349413424
176000
1454349415604
176500
1454349417076
177000
1454349418740
177500
1454349420638
178000
1454349422082
2016-02-01 17:57:02,951 DEBUG [main] client.ClientScanner: Advancing internal scanner to startKey at '1kgenome:19:12094782'
178500
1454349423722
179000
1454349425857
179500
1454349427139
180000
1454349428474
180500
1454349430074
181000
1454349431853
181500
1454349433489
182000
1454349436184
182500
1454349438108
183000
1454349439645
183500
1454349441167
184000
1454349442249
184500
1454349443613
185000
1454349446362
2016-02-01 17:57:26,469 DEBUG [main] client.ClientScanner: Advancing internal scanner to startKey at '1kgenome:19:12617186'
185500
1454349448165
186000
1454349450123
186500
1454349451328
187000
1454349452852
187500
1454349454540
188000
1454349456696
188500
1454349458094
189000
1454349459266
189500
1454349460891
190000
1454349462324
190500
1454349463701
191000
1454349465676
191500
1454349467019
2016-02-01 17:57:47,792 DEBUG [main] client.ClientScanner: Advancing internal scanner to startKey at '1kgenome:19:13196421'
2016-02-01 17:57:47,804 WARN  [main] hbase.HBaseConfiguration: Config option "hbase.regionserver.lease.period" is deprecated. Instead, use "hbase.client.scanner.timeout.period"
192000
1454349468264
192500
1454349469412
193000
1454349471102
193500
1454349472344
194000
1454349473469
194500
1454349474806
195000
1454349476105
195500
1454349477063
196000
1454349478268
196500
1454349479731
197000
1454349480841
197500
1454349482173
198000
1454349483428
198500
1454349484715
199000
1454349486534
199500
1454349487720
200000
1454349489033
200500
1454349491084
201000
1454349492126
201500
1454349493613
202000
1454349495949
202500
1454349496967
2016-02-01 17:58:17,787 DEBUG [main] client.ClientScanner: Advancing internal scanner to startKey at '1kgenome:19:13982851'
203000
1454349498219
203500
1454349499282
204000
1454349500852
204500
1454349501852
205000
1454349503642
205500
1454349506248
206000
1454349507167
206500
1454349508463
207000
1454349509654
207500
1454349510776
208000
1454349511910
208500
1454349513596
209000
1454349515644
209500
1454349516697
210000
1454349518450
210500
1454349520388
211000
1454349521626
211500
1454349523044
212000
1454349524196
212500
1454349525727
213000
1454349526960
213500
1454349528813
214000
1454349530967
2016-02-01 17:58:51,024 DEBUG [main] client.ClientScanner: Advancing internal scanner to startKey at '1kgenome:19:14816288'
214500
1454349532056
215000
1454349533636
215500
1454349535945
216000
1454349537247
216500
1454349538574
217000
1454349539677
217500
1454349541882
218000
1454349543480
218500
1454349545624
219000
1454349547130
219500
1454349548594
220000
1454349550159
220500
1454349551678
221000
1454349552949
221500
1454349554515
2016-02-01 17:59:16,551 DEBUG [main] client.ClientScanner: Advancing internal scanner to startKey at '1kgenome:19:15294924'
222000
1454349556669
222500
1454349557902
223000
1454349558920
223500
1454349561281
224000
1454349562304
224500
1454349563860
225000
1454349566755
225500
1454349567896
226000
1454349569348
226500
1454349571966
227000
1454349573220
227500
1454349575757
228000
1454349576824
228500
1454349578210
229000
1454349579844
229500
1454349581354
2016-02-01 17:59:42,288 DEBUG [main] client.ClientScanner: Advancing internal scanner to startKey at '1kgenome:19:15859253'
230000
1454349582566
230500
1454349583964
231000
1454349586449
231500
1454349588183
232000
1454349589614
232500
1454349591312
233000
1454349592892
233500
1454349594283
234000
1454349596499
234500
1454349597960
235000
1454349599112
235500
1454349601823
236000
1454349603212
236500
1454349604411
237000
1454349606457
237500
1454349607952
238000
1454349609804
238500
1454349611300
239000
1454349612833
239500
1454349614359
240000
1454349616844
240500
1454349618433
241000
1454349619922
2016-02-01 18:00:20,928 DEBUG [main] client.ClientScanner: Advancing internal scanner to startKey at '1kgenome:19:16613111'
241500
1454349621655
242000
1454349622603
242500
1454349623897
243000
1454349626502
243500
1454349628195
244000
1454349629658
244500
1454349631954
245000
1454349633655
245500
1454349635177
246000
1454349636461
246500
1454349637538
247000
1454349639216
247500
1454349642437
248000
1454349643946
248500
1454349645951
249000
1454349647273
249500
1454349648490
250000
1454349649899
250500
1454349652151
251000
1454349653722
251500
1454349655350
252000
1454349657310
252500
1454349658594
2016-02-01 18:00:59,230 DEBUG [main] client.ClientScanner: Advancing internal scanner to startKey at '1kgenome:19:17418286'
253000
1454349661094
253500
1454349662595
254000
1454349664362
254500
1454349666139
255000
1454349667727
255500
1454349669096
256000
1454349671899
256500
1454349673417
257000
1454349674880
257500
1454349676767
258000
1454349678319
258500
1454349680593
259000
1454349682225
259500
1454349683533
260000
1454349685322
2016-02-01 18:01:25,410 DEBUG [main] client.ClientScanner: Advancing internal scanner to startKey at '1kgenome:19:17927781'
260500
1454349687069
261000
1454349688352
261500
1454349691192
262000
1454349692904
262500
1454349694629
263000
1454349695829
263500
1454349696991
264000
1454349698377
264500
1454349699566
265000
1454349701863
265500
1454349703534
266000
1454349704712
266500
1454349706487
267000
1454349707716
2016-02-01 18:01:48,595 DEBUG [main] client.ClientScanner: Advancing internal scanner to startKey at '1kgenome:19:18481883'
267500
1454349709491
268000
1454349712114
268500
1454349713421
269000
1454349715581
269500
1454349717323
270000
1454349718495
270500
1454349720978
2016-02-01 18:02:02,133 DEBUG [main] client.ClientScanner: Advancing internal scanner to startKey at '1kgenome:19:18774167'
271000
1454349722719
271500
1454349724704
272000
1454349726379
272500
1454349727838
273000
1454349729136
273500
1454349731291
274000
1454349733013
274500
1454349734632
2016-02-01 18:02:14,759 DEBUG [main] client.ClientScanner: Advancing internal scanner to startKey at '1kgenome:19:19062784'
2016-02-01 18:02:14,777 WARN  [main] hbase.HBaseConfiguration: Config option "hbase.regionserver.lease.period" is deprecated. Instead, use "hbase.client.scanner.timeout.period"
275000
1454349736618
275500
1454349737977
276000
1454349739623
276500
1454349741315
277000
1454349742622
277500
1454349743733
278000
1454349745068
2016-02-01 18:02:25,573 DEBUG [main] client.ClientScanner: Advancing internal scanner to startKey at '1kgenome:19:19348947'
278500
1454349746619
279000
1454349747813
279500
1454349749028
280000
1454349750594
280500
1454349752756
281000
1454349754042
281500
1454349756379
2016-02-01 18:02:36,938 DEBUG [main] client.ClientScanner: Advancing internal scanner to startKey at '1kgenome:19:19660724'
282000
1454349757617
282500
1454349759021
283000
1454349760151
283500
1454349762812
284000
1454349764982
284500
1454349767071
285000
1454349768718
285500
1454349770296
286000
1454349772079
286500
1454349773651
287000
1454349774785
287500
1454349776920
288000
1454349779064
288500
1454349781315
289000
1454349782796
289500
1454349784695
290000
1454349786801
290500
1454349788346
291000
1454349789973
291500
1454349792464
292000
1454349793967
292500
1454349796618
2016-02-01 18:03:18,006 DEBUG [main] client.ClientScanner: Advancing internal scanner to startKey at '1kgenome:19:20428083'
293000
1454349798456
293500
1454349799732
294000
1454349801903
294500
1454349803278
295000
1454349804778
295500
1454349806375
296000
1454349808204
296500
1454349809790
297000
1454349811675
297500
1454349813312
298000
1454349814640
298500
1454349816434
299000
1454349818070
299500
1454349819602
300000
1454349821325
300500
1454349823385
301000
1454349825157
301500
1454349826819
302000
1454349828524
302500
1454349830427
303000
1454349831781
303500
1454349833315
2016-02-01 18:03:54,787 DEBUG [main] client.ClientScanner: Advancing internal scanner to startKey at '1kgenome:19:21143867'
304000
1454349835165
304500
1454349836634
305000
1454349837892
305500
1454349839320
306000
1454349841911
306500
1454349843199
307000
1454349844455
307500
1454349846624
308000
1454349848465
308500
1454349850151
309000
1454349851757
309500
1454349852994
310000
1454349854388
2016-02-01 18:04:15,195 DEBUG [main] client.ClientScanner: Advancing internal scanner to startKey at '1kgenome:19:21589148'
310500
1454349856290
311000
1454349857232
311500
1454349858422
312000
1454349859755
312500
1454349861584
313000
1454349863134
313500
1454349864452
314000
1454349866131
314500
1454349867640
315000
1454349868974
315500
1454349871349
316000
1454349872518
316500
1454349873815
2016-02-01 18:04:33,979 DEBUG [main] client.ClientScanner: Advancing internal scanner to startKey at '1kgenome:19:21979217'
317000
1454349874956
317500
1454349877473
318000
1454349878750
318500
1454349881131
319000
1454349882448
319500
1454349883720
320000
1454349885148
320500
1454349886756
321000
1454349888310
321500
1454349889622
322000
1454349891627
322500
1454349893010
323000
1454349894362
2016-02-01 18:04:54,495 DEBUG [main] client.ClientScanner: Advancing internal scanner to startKey at '1kgenome:19:22386125'
323500
1454349896674
324000
1454349898002
324500
1454349899031
325000
1454349901660
325500
1454349903549
326000
1454349905182
326500
1454349906989
327000
1454349908263
327500
1454349909969
328000
1454349912850
328500
1454349914378
329000
1454349916645
329500
1454349918074
2016-02-01 18:05:18,182 DEBUG [main] client.ClientScanner: Advancing internal scanner to startKey at '1kgenome:19:22790533'
330000
1454349919642
330500
1454349922396
331000
1454349923907
331500
1454349927655
332000
1454349929008
332500
1454349930968
333000
1454349932684
333500
1454349934231
334000
1454349936558
334500
1454349937935
335000
1454349939244
335500
1454349940737
336000
1454349942411
336500
1454349944344
337000
1454349946513
337500
1454349948187
338000
1454349949458
338500
1454349951736
339000
1454349953503
339500
1454349954784
340000
1454349956618
340500
1454349958167
341000
1454349959655
2016-02-01 18:05:59,719 DEBUG [main] client.ClientScanner: Advancing internal scanner to startKey at '1kgenome:19:23567146'
341500
1454349961864
342000
1454349963353
342500
1454349964769
343000
1454349966693
343500
1454349968102
344000
1454349969351
344500
1454349971829
345000
1454349973826
345500
1454349974801
346000
1454349977597
346500
1454349978916
347000
1454349980422
347500
1454349981558
348000
1454349982889
348500
1454349984235
349000
1454349986023
349500
1454349987265
350000
1454349988755
350500
1454349990001
351000
1454349991046
351500
1454349992182
352000
1454349993339
2016-02-01 18:06:34,450 DEBUG [main] client.ClientScanner: Advancing internal scanner to startKey at '1kgenome:19:24300229'
2016-02-01 18:06:34,463 WARN  [main] hbase.HBaseConfiguration: Config option "hbase.regionserver.lease.period" is deprecated. Instead, use "hbase.client.scanner.timeout.period"
352500
1454349994522
353000
1454349996210
353500
1454349997681
354000
1454349998983
354500
1454350000037
355000
1454350001817
355500
1454350003235
356000
1454350004469
356500
1454350006725
357000
1454350008181
357500
1454350009595
358000
1454350011687
358500
1454350013008
359000
1454350014573
359500
1454350016954
360000
1454350018535
2016-02-01 18:06:59,174 DEBUG [main] client.ClientScanner: Advancing internal scanner to startKey at '1kgenome:19:27984017'
360500
1454350020107
361000
1454350021517
361500
1454350022989
362000
1454350024313
362500
1454350025504
363000
1454350027650
363500
1454350029196
364000
1454350030139
364500
1454350032033
365000
1454350033345
365500
1454350034287
366000
1454350035513
366500
1454350037903
367000
1454350039400
367500
1454350041689
2016-02-01 18:07:23,179 DEBUG [main] client.ClientScanner: Advancing internal scanner to startKey at '1kgenome:19:28422489'
368000
1454350043419
368500
1454350044819
369000
1454350047438
369500
1454350049801
370000
1454350052204
370500
1454350053827
371000
1454350055269
371500
1454350057029
372000
1454350058954
372500
1454350060316
373000
1454350061907
2016-02-01 18:07:41,984 DEBUG [main] client.ClientScanner: Advancing internal scanner to startKey at '1kgenome:19:28746744'
373500
1454350063526
374000
1454350064594
374500
1454350067527
375000
1454350069378
375500
1454350071501
376000
1454350072788
376500
1454350074371
377000
1454350075658
377500
1454350077582
378000
1454350079392
2016-02-01 18:07:59,648 DEBUG [main] client.ClientScanner: Advancing internal scanner to startKey at '1kgenome:19:29052891'
378500
1454350080679
379000
1454350082362
379500
1454350083455
380000
1454350084765
380500
1454350087357
381000
1454350089391
381500
1454350091325
382000
1454350092810
382500
1454350093868
383000
1454350095158
383500
1454350097562
384000
1454350098991
384500
1454350100630
2016-02-01 18:08:22,199 DEBUG [main] client.ClientScanner: Advancing internal scanner to startKey at '1kgenome:19:29433305'
385000
1454350102284
385500
1454350103628
386000
1454350104934
386500
1454350107263
387000
1454350108844
387500
1454350110252
388000
1454350112476
388500
1454350113969
389000
1454350115743
389500
1454350117755
390000
1454350119013
390500
1454350120252
391000
1454350122228
391500
1454350123867
2016-02-01 18:08:44,507 DEBUG [main] client.ClientScanner: Advancing internal scanner to startKey at '1kgenome:19:29853273'
392000
1454350125183
392500
1454350127213
393000
1454350128691
393500
1454350130062
394000
1454350132101
394500
1454350133680
395000
1454350135422
395500
1454350137133
396000
1454350138636
396500
1454350140185
397000
1454350141947
397500
1454350143247
398000
1454350144706
398500
1454350145884
399000
1454350147752
399500
1454350149203
400000
1454350150571
400500
1454350151939
401000
1454350153329
401500
1454350154767
2016-02-01 18:09:15,642 DEBUG [main] client.ClientScanner: Advancing internal scanner to startKey at '1kgenome:19:30499225'
402000
1454350156330
402500
1454350157221
403000
1454350158601
403500
1454350159937
404000
1454350162056
404500
1454350164202
405000
1454350165937
405500
1454350167491
406000
1454350169223
406500
1454350170680
407000
1454350172391
407500
1454350173577
408000
1454350174925
408500
1454350176819
409000
1454350178153
409500
1454350179950
410000
1454350181346
410500
1454350183351
411000
1454350185077
411500
1454350187274
2016-02-01 18:09:48,483 DEBUG [main] client.ClientScanner: Advancing internal scanner to startKey at '1kgenome:19:31218502'
412000
1454350188633
412500
1454350190015
413000
1454350192788
413500
1454350194855
414000
1454350196528
414500
1454350197837
415000
1454350199273
415500
1454350200558
416000
1454350202548
416500
1454350203809
417000
1454350204981
417500
1454350207068
418000
1454350208318
418500
1454350209741
2016-02-01 18:10:09,888 DEBUG [main] client.ClientScanner: Advancing internal scanner to startKey at '1kgenome:19:31676087'
419000
1454350212067
419500
1454350213021
420000
1454350214127
420500
1454350215468
421000
1454350217689
421500
1454350219334
422000
1454350221574
422500
1454350222816
423000
1454350224102
423500
1454350225680
424000
1454350227685
424500
1454350229110
425000
1454350230822
2016-02-01 18:10:31,531 DEBUG [main] client.ClientScanner: Advancing internal scanner to startKey at '1kgenome:19:32128830'
2016-02-01 18:10:31,547 WARN  [main] hbase.HBaseConfiguration: Config option "hbase.regionserver.lease.period" is deprecated. Instead, use "hbase.client.scanner.timeout.period"
425500
1454350232247
426000
1454350233378
426500
1454350235233
427000
1454350237690
427500
1454350239162
428000
1454350241631
428500
1454350243147
429000
1454350244823
429500
1454350246919
430000
1454350248633
430500
1454350250265
431000
1454350252873
431500
1454350254527
2016-02-01 18:10:55,359 DEBUG [main] client.ClientScanner: Advancing internal scanner to startKey at '1kgenome:19:32574812'
432000
1454350256202
432500
1454350257572
433000
1454350258991
433500
1454350260435
434000
1454350263051
434500
1454350265023
435000
1454350267590
435500
1454350268848
436000
1454350270544
436500
1454350272725
437000
1454350274125
437500
1454350275236
438000
1454350277767
438500
1454350279258
2016-02-01 18:11:19,300 DEBUG [main] client.ClientScanner: Advancing internal scanner to startKey at '1kgenome:19:33066932'
439000
1454350280922
439500
1454350283590
440000
1454350285693
440500
1454350287659
441000
1454350289021
441500
1454350290474
442000
1454350291607
442500
1454350292626
443000
1454350293626
443500
1454350294624
444000
1454350295584
444500
1454350296384
445000
1454350297378
445500
1454350298332
446000
1454350299294
446500
1454350300265
2016-02-01 18:11:40,643 DEBUG [main] client.ClientScanner: Advancing internal scanner to startKey at '1kgenome:19:33663189'
447000
1454350301305
447500
1454350301929
448000
1454350302788
448500
1454350303899
449000
1454350305000
449500
1454350306060
450000
1454350307040
450500
1454350308096
451000
1454350309016
451500
1454350309951
452000
1454350310932
452500
1454350311896
453000
1454350312910
453500
1454350313879
454000
1454350314813
454500
1454350315764
2016-02-01 18:11:56,398 DEBUG [main] client.ClientScanner: Advancing internal scanner to startKey at '1kgenome:19:34228206'
455000
1454350316790
455500
1454350318299
456000
1454350319640
456500
1454350320917
457000
1454350322860
457500
1454350324366
458000
1454350326199
458500
1454350327621
459000
1454350328884
459500
1454350330390
2016-02-01 18:12:11,689 DEBUG [main] client.ClientScanner: Advancing internal scanner to startKey at '1kgenome:19:34578610'
460000
1454350332393
460500
1454350333718
461000
1454350335058
461500
1454350336882
462000
1454350338211
462500
1454350339425
463000
1454350341326
463500
1454350342811
464000
1454350344156
464500
1454350345623
2016-02-01 18:12:26,933 DEBUG [main] client.ClientScanner: Advancing internal scanner to startKey at '1kgenome:19:35004196'
465000
1454350347914
465500
1454350349136
466000
1454350350346
466500
1454350352455
467000
1454350354139
467500
1454350355847
468000
1454350357424
468500
1454350359069
469000
1454350360482
469500
1454350362866
470000
1454350364388
470500
1454350365577
471000
1454350367380
471500
1454350368579
472000
1454350370291
472500
1454350372608
473000
1454350373961
473500
1454350375560
474000
1454350377533
474500
1454350378975
475000
1454350380591
475500
1454350383180
476000
1454350384505
476500
1454350385840
477000
1454350387931
2016-02-01 18:13:08,394 DEBUG [main] client.ClientScanner: Advancing internal scanner to startKey at '1kgenome:19:35875036'
477500
1454350389290
478000
1454350390232
478500
1454350392139
479000
1454350393501
479500
1454350394711
480000
1454350396701
480500
1454350397977
481000
1454350399366
481500
1454350400807
482000
1454350402733
482500
1454350404311
483000
1454350405434
483500
1454350407749
484000
1454350409340
484500
1454350410855
485000
1454350412651
485500
1454350414057
486000
1454350415671
486500
1454350417801
487000
1454350419082
487500
1454350420524
488000
1454350422580
488500
1454350424099
489000
1454350425314
489500
1454350427443
2016-02-01 18:13:47,733 DEBUG [main] client.ClientScanner: Advancing internal scanner to startKey at '1kgenome:19:36812555'
490000
1454350428763
490500
1454350430249
491000
1454350432982
491500
1454350434627
492000
1454350436321
492500
1454350438227
493000
1454350439948
493500
1454350442125
494000
1454350443761
494500
1454350445046
495000
1454350446577
495500
1454350448662
496000
1454350450841
496500
1454350453308
497000
1454350454988
497500
1454350456830
498000
1454350458636
498500
1454350460053
499000
1454350462946
499500
1454350465046
500000
1454350466482
500500
1454350467931
501000
1454350469417
501500
1454350471123
502000
1454350473659
502500
1454350475047
503000
1454350477633
2016-02-01 18:14:38,556 DEBUG [main] client.ClientScanner: Advancing internal scanner to startKey at '1kgenome:19:38003759'
503500
1454350479572
504000
1454350481640
504500
1454350482776
505000
1454350484670
505500
1454350486955
506000
1454350488735
506500
1454350490151
507000
1454350492497
507500
1454350494047
508000
1454350495841
508500
1454350497642
509000
1454350499226
509500
1454350500659
510000
1454350502503
510500
1454350504075
511000
1454350505575
511500
1454350507265
512000
1454350508769
512500
1454350510826
513000
1454350512681
513500
1454350514383
514000
1454350516648
514500
1454350518257
515000
1454350519828
515500
1454350522327
516000
1454350523821
516500
1454350525324
2016-02-01 18:15:27,138 DEBUG [main] client.ClientScanner: Advancing internal scanner to startKey at '1kgenome:19:39094901'
2016-02-01 18:15:27,149 WARN  [main] hbase.HBaseConfiguration: Config option "hbase.regionserver.lease.period" is deprecated. Instead, use "hbase.client.scanner.timeout.period"
517000
1454350527645
517500
1454350529792
518000
1454350531265
518500
1454350532782
519000
1454350534390
519500
1454350535901
520000
1454350537781
520500
1454350539960
521000
1454350542199
521500
1454350543541
522000
1454350544586
522500
1454350545686
523000
1454350547247
523500
1454350548801
524000
1454350550173
524500
1454350552630
525000
1454350553951
525500
1454350555446
526000
1454350557750
526500
1454350558953
527000
1454350559990
527500
1454350561506
2016-02-01 18:16:01,837 DEBUG [main] client.ClientScanner: Advancing internal scanner to startKey at '1kgenome:19:39851547'
528000
1454350563547
528500
1454350564840
529000
1454350566153
529500
1454350568484
530000
1454350570122
530500
1454350572191
531000
1454350574264
531500
1454350575594
532000
1454350577712
532500
1454350579466
533000
1454350581075
533500
1454350583189
534000
1454350584978
534500
1454350587600
535000
1454350589237
535500
1454350590892
536000
1454350592767
536500
1454350594029
537000
1454350596082
537500
1454350598099
538000
1454350599874
2016-02-01 18:16:40,468 DEBUG [main] client.ClientScanner: Advancing internal scanner to startKey at '1kgenome:19:40631855'
538500
1454350602147
539000
1454350604711
539500
1454350606352
540000
1454350607963
540500
1454350609490
541000
1454350610925
541500
1454350612822
542000
1454350614434
542500
1454350615809
543000
1454350618522
543500
1454350620502
544000
1454350623118
544500
1454350624883
545000
1454350626948
545500
1454350628503
546000
1454350630271
546500
1454350632781
547000
1454350634456
547500
1454350635957
548000
1454350638186
548500
1454350640300
549000
1454350643233
2016-02-01 18:17:23,262 DEBUG [main] client.ClientScanner: Advancing internal scanner to startKey at '1kgenome:19:41453977'
549500
1454350644940
550000
1454350646638
550500
1454350648489
551000
1454350650373
551500
1454350652604
552000
1454350654236
552500
1454350655749
553000
1454350658274
553500
1454350659901
554000
1454350661569
554500
1454350663404
555000
1454350665013
555500
1454350666661
556000
1454350668568
556500
1454350670205
557000
1454350671633
557500
1454350673125
558000
1454350674775
558500
1454350676015
559000
1454350678143
559500
1454350679483
2016-02-01 18:17:59,900 DEBUG [main] client.ClientScanner: Advancing internal scanner to startKey at '1kgenome:19:42161211'
560000
1454350680845
560500
1454350682774
561000
1454350684245
561500
1454350685679
562000
1454350688138
562500
1454350689555
563000
1454350690809
563500
1454350691740
564000
1454350692697
564500
1454350693896
565000
1454350694992
565500
1454350696070
566000
1454350698044
566500
1454350699682
567000
1454350700954
567500
1454350702525
568000
1454350703626
568500
1454350704559
569000
1454350706241
569500
1454350708690
570000
1454350710419
570500
1454350712330
571000
1454350714449
571500
1454350715821
572000
1454350718366
572500
1454350720418
2016-02-01 18:18:42,188 DEBUG [main] client.ClientScanner: Advancing internal scanner to startKey at '1kgenome:19:43292433'
573000
1454350722292
573500
1454350723076
574000
1454350724279
574500
1454350725344
575000
1454350726497
575500
1454350727568
576000
1454350728543
576500
1454350729644
577000
1454350730715
577500
1454350732033
578000
1454350733118
578500
1454350734238
579000
1454350735844
579500
1454350738195
580000
1454350739514
580500
1454350741270
581000
1454350743185
581500
1454350744681
582000
1454350746322
582500
1454350748311
583000
1454350749952
583500
1454350751393
584000
1454350753845
584500
1454350756321
585000
1454350758417
585500
1454350760518
586000
1454350761965
2016-02-01 18:19:22,413 DEBUG [main] client.ClientScanner: Advancing internal scanner to startKey at '1kgenome:19:43901238'
586500
1454350763079
587000
1454350764564
587500
1454350766017
588000
1454350768497
588500
1454350769668
589000
1454350770885
589500
1454350773094
590000
1454350774550
590500
1454350775988
591000
1454350777938
591500
1454350779413
592000
1454350780649
592500
1454350783218
593000
1454350784669
593500
1454350786464
594000
1454350788400
594500
1454350789597
595000
1454350791307
595500
1454350792485
596000
1454350793671
596500
1454350794830
597000
1454350796186
597500
1454350799093
598000
1454350800840
598500
1454350803069
599000
1454350804374
599500
1454350806540
600000
1454350808814
600500
1454350810228
601000
1454350811422
601500
1454350813634
2016-02-01 18:20:14,094 DEBUG [main] client.ClientScanner: Advancing internal scanner to startKey at '1kgenome:19:45011369'
602000
1454350814955
602500
1454350816192
603000
1454350818692
603500
1454350819951
604000
1454350821513
604500
1454350823667
605000
1454350824911
605500
1454350826115
606000
1454350828233
606500
1454350829594
607000
1454350831078
607500
1454350833585
608000
1454350834892
608500
1454350836491
609000
1454350838279
609500
1454350839517
610000
1454350841110
610500
1454350843289
611000
1454350844704
611500
1454350846171
612000
1454350848618
612500
1454350850078
613000
1454350851233
613500
1454350852466
614000
1454350854003
614500
1454350855482
615000
1454350857202
615500
1454350859152
616000
1454350860409
616500
1454350861812
617000
1454350863898
2016-02-01 18:21:04,865 DEBUG [main] client.ClientScanner: Advancing internal scanner to startKey at '1kgenome:19:46120129'
617500
1454350865463
618000
1454350866311
618500
1454350868075
619000
1454350869581
619500
1454350871075
620000
1454350873704
620500
1454350874958
621000
1454350876596
621500
1454350878587
622000
1454350879617
622500
1454350880877
623000
1454350883289
623500
1454350884746
624000
1454350886633
624500
1454350888838
625000
1454350890135
625500
1454350891541
626000
1454350893614
626500
1454350894851
627000
1454350896471
627500
1454350898875
628000
1454350900289
628500
1454350902164
629000
1454350903909
629500
1454350905273
630000
1454350906759
630500
1454350908743
631000
1454350910054
631500
1454350911321
632000
1454350913528
632500
1454350914865
633000
1454350916252
633500
1454350918088
634000
1454350919586
634500
1454350920966
635000
1454350922334
635500
1454350924229
636000
1454350925495
636500
1454350926908
2016-02-01 18:22:08,029 DEBUG [main] client.ClientScanner: Advancing internal scanner to startKey at '1kgenome:19:47545943'
637000
1454350928542
637500
1454350929616
638000
1454350930645
638500
1454350932461
639000
1454350933690
639500
1454350934992
640000
1454350936749
640500
1454350938628
641000
1454350940219
641500
1454350941656
642000
1454350943939
642500
1454350945340
643000
1454350946830
643500
1454350948343
644000
1454350949768
644500
1454350951188
645000
1454350952396
645500
1454350954361
646000
1454350956687
646500
1454350959086
647000
1454350960357
647500
1454350961989
648000
1454350963833
648500
1454350964988
649000
1454350966893
649500
1454350968789
650000
1454350970100
650500
1454350971529
651000
1454350973709
651500
1454350975327
652000
1454350977074
652500
1454350978637
653000
1454350979943
653500
1454350981626
654000
1454350984179
654500
1454350985458
655000
1454350987219
655500
1454350989016
656000
1454350990333
2016-02-01 18:23:12,051 DEBUG [main] client.ClientScanner: Advancing internal scanner to startKey at '1kgenome:19:48914482'
2016-02-01 18:23:12,102 WARN  [main] hbase.HBaseConfiguration: Config option "hbase.regionserver.lease.period" is deprecated. Instead, use "hbase.client.scanner.timeout.period"
2016-02-01 18:23:12,107 DEBUG [main] client.ClientSmallScanner: Finished with small scan at {ENCODED => 1588230740, NAME => 'hbase:meta,,1', STARTKEY => '', ENDKEY => ''}
656500
1454350992411
657000
1454350994562
657500
1454350996021
658000
1454350998527
658500
1454350999775
659000
1454351001119
659500
1454351003562
660000
1454351005114
660500
1454351007283
661000
1454351008855
661500
1454351010143
662000
1454351011366
662500
1454351013150
663000
1454351014614
663500
1454351016125
664000
1454351018059
664500
1454351019307
665000
1454351020946
665500
1454351022414
666000
1454351024654
666500
1454351026266
667000
1454351028443
667500
1454351030081
668000
1454351031877
668500
1454351034164
669000
1454351035349
669500
1454351037027
670000
1454351038609
670500
1454351040066
671000
1454351041315
671500
1454351043114
672000
1454351044468
672500
1454351045889
673000
1454351047833
673500
1454351049340
674000
1454351050685
674500
1454351052273
675000
1454351054105
675500
1454351055550
676000
1454351057928
676500
1454351059099
677000
1454351060621
677500
1454351062402
678000
1454351064253
678500
1454351065457
679000
1454351066702
679500
1454351068580
680000
1454351070207
680500
1454351072206
681000
1454351074012
681500
1454351075530
682000
1454351077249
682500
1454351079072
2016-02-01 18:24:39,180 DEBUG [main] client.ClientScanner: Advancing internal scanner to startKey at '1kgenome:19:50781598'
683000
1454351080693
683500
1454351081662
684000
1454351083773
684500
1454351085683
685000
1454351087417
685500
1454351088871
686000
1454351090548
686500
1454351092138
687000
1454351093391
687500
1454351095010
688000
1454351096186
688500
1454351098369
689000
1454351100141
689500
1454351101319
690000
1454351103096
690500
1454351104791
691000
1454351107286
691500
1454351108890
692000
1454351110249
692500
1454351111380
693000
1454351113137
693500
1454351114739
694000
1454351116104
694500
1454351118449
695000
1454351120045
695500
1454351121545
696000
1454351123847
696500
1454351125565
697000
1454351126850
697500
1454351129125
698000
1454351130589
698500
1454351131792
699000
1454351134235
699500
1454351135580
700000
1454351136963
700500
1454351139955
701000
1454351141566
701500
1454351144038
702000
1454351145430
702500
1454351146736
703000
1454351149103
703500
1454351150499
704000
1454351151850
704500
1454351153975
705000
1454351155512
705500
1454351157467
706000
1454351159108
706500
1454351160451
707000
1454351161663
707500
1454351164381
708000
1454351165855
708500
1454351166991
2016-02-01 18:26:07,201 DEBUG [main] client.ClientScanner: Advancing internal scanner to startKey at '1kgenome:19:52463340'
709000
1454351168872
709500
1454351170339
710000
1454351171582
710500
1454351173889
711000
1454351175580
711500
1454351176955
712000
1454351179289
712500
1454351180760
713000
1454351182158
713500
1454351184074
714000
1454351185325
714500
1454351186619
715000
1454351189087
715500
1454351191012
716000
1454351192332
716500
1454351194050
717000
1454351195479
717500
1454351196801
718000
1454351198742
718500
1454351200034
719000
1454351201512
719500
1454351203935
720000
1454351205541
720500
1454351207943
721000
1454351209362
721500
1454351210692
722000
1454351211992
722500
1454351214293
723000
1454351216042
723500
1454351218534
724000
1454351219864
724500
1454351221268
725000
1454351222589
725500
1454351224310
726000
1454351226150
726500
1454351228726
727000
1454351229840
727500
1454351231165
728000
1454351233558
728500
1454351235358
729000
1454351237160
729500
1454351239490
730000
1454351241054
730500
1454351242507
731000
1454351244308
731500
1454351245920
732000
1454351247209
732500
1454351249173
733000
1454351250506
733500
1454351252566
734000
1454351253945
734500
1454351255549
735000
1454351257723
735500
1454351259562
736000
1454351261023
736500
1454351262443
737000
1454351264031
737500
1454351265451
738000
1454351266910
738500
1454351269334
739000
1454351271137
739500
1454351272337
740000
1454351274253
740500
1454351276495
741000
1454351278152
741500
1454351279391
742000
1454351280767
2016-02-01 18:28:01,488 DEBUG [main] client.ClientScanner: Advancing internal scanner to startKey at '1kgenome:19:54431518'
742500
1454351281896
743000
1454351283713
743500
1454351285469
744000
1454351286814
744500
1454351289137
745000
1454351291062
745500
1454351292493
746000
1454351294083
746500
1454351295344
747000
1454351296756
747500
1454351298976
748000
1454351300670
748500
1454351302302
749000
1454351304031
749500
1454351305304
750000
1454351307504
750500
1454351309317
751000
1454351311081
751500
1454351312336
752000
1454351313897
752500
1454351315269
753000
1454351316512
753500
1454351317727
754000
1454351319414
754500
1454351321036
755000
1454351322341
755500
1454351324414
756000
1454351325982
756500
1454351327108
757000
1454351329258
757500
1454351330622
758000
1454351331918
758500
1454351333702
759000
1454351335019
759500
1454351336427
760000
1454351337715
760500
1454351339362
761000
1454351341164
761500
1454351342588
762000
1454351344110
762500
1454351345648
763000
1454351346893
763500
1454351349143
764000
1454351350700
764500
1454351352230
765000
1454351354918
765500
1454351356389
766000
1454351357935
766500
1454351359338
767000
1454351360467
767500
1454351361794
768000
1454351364004
768500
1454351365458
769000
1454351366805
769500
1454351368678
770000
1454351370024
770500
1454351371446
771000
1454351373213
771500
1454351374481
772000
1454351375808
772500
1454351377163
773000
1454351379685
773500
1454351381027
774000
1454351382386
774500
1454351384762
775000
1454351386580
775500
1454351387938
776000
1454351389348
776500
1454351390761
777000
1454351392100
777500
1454351395068
778000
1454351397372
778500
1454351399422
779000
1454351400785
779500
1454351402624
780000
1454351404025
780500
1454351405704
781000
1454351406863
781500
1454351408579
782000
1454351409939
782500
1454351411601
783000
1454351414043
783500
1454351415309
784000
1454351416881
784500
1454351418546
785000
1454351420025
785500
1454351421431
786000
1454351422829
786500
1454351425431
787000
1454351427301
787500
1454351429420
788000
1454351431138
788500
1454351433035
789000
1454351434475
789500
1454351435715
790000
1454351436979
790500
1454351438433
791000
1454351440695
791500
1454351442519
792000
1454351444571
792500
1454351446019
793000
1454351447599
793500
1454351449822
794000
1454351451195
794500
1454351452580
795000
1454351454733
795500
1454351456334
796000
1454351457613
796500
1454351459583
797000
1454351461235
797500
1454351463094
798000
1454351465646
798500
1454351466973
799000
1454351468274
799500
1454351470012
800000
1454351471682
800500
1454351472993
801000
1454351474988
801500
1454351476572
802000
1454351477942
802500
1454351479600
803000
1454351480882
803500
1454351482513
804000
1454351485068
804500
1454351486455
805000
1454351487851
805500
1454351489973
806000
1454351491214
806500
1454351492919
807000
1454351494306
807500
1454351495883
808000
1454351497441
808500
1454351499881
809000
1454351501464
809500
1454351502796
810000
1454351504331
810500
1454351505629
811000
1454351507337
811500
1454351509032
812000
1454351510371
812500
1454351512001
813000
1454351513679
813500
1454351515210
814000
1454351516575
814500
1454351517875
815000
1454351519715
time is 2671503
total amount is 815497
